::1 - - [10/Nov/2021:09:16:30 +0200] "GET / HTTP/1.1" 302 - "-" "Mozilla/5.0 (Windows NT 10.0; Win64; x64) AppleWebKit/537.36 (KHTML, like Gecko) Chrome/95.0.4638.69 Safari/537.36"
::1 - - [10/Nov/2021:09:16:30 +0200] "GET /dashboard/ HTTP/1.1" 200 7577 "-" "Mozilla/5.0 (Windows NT 10.0; Win64; x64) AppleWebKit/537.36 (KHTML, like Gecko) Chrome/95.0.4638.69 Safari/537.36"
::1 - - [10/Nov/2021:09:16:30 +0200] "GET /dashboard/stylesheets/normalize.css HTTP/1.1" 200 6876 "http://localhost/dashboard/" "Mozilla/5.0 (Windows NT 10.0; Win64; x64) AppleWebKit/537.36 (KHTML, like Gecko) Chrome/95.0.4638.69 Safari/537.36"
::1 - - [10/Nov/2021:09:16:30 +0200] "GET /dashboard/stylesheets/all.css HTTP/1.1" 200 481698 "http://localhost/dashboard/" "Mozilla/5.0 (Windows NT 10.0; Win64; x64) AppleWebKit/537.36 (KHTML, like Gecko) Chrome/95.0.4638.69 Safari/537.36"
::1 - - [10/Nov/2021:09:16:30 +0200] "GET /dashboard/javascripts/modernizr.js HTTP/1.1" 200 51365 "http://localhost/dashboard/" "Mozilla/5.0 (Windows NT 10.0; Win64; x64) AppleWebKit/537.36 (KHTML, like Gecko) Chrome/95.0.4638.69 Safari/537.36"
::1 - - [10/Nov/2021:09:16:30 +0200] "GET /dashboard/images/social-icons-large.png HTTP/1.1" 200 7466 "http://localhost/dashboard/" "Mozilla/5.0 (Windows NT 10.0; Win64; x64) AppleWebKit/537.36 (KHTML, like Gecko) Chrome/95.0.4638.69 Safari/537.36"
::1 - - [10/Nov/2021:09:16:30 +0200] "GET /dashboard/images/social-icons.png HTTP/1.1" 200 3361 "http://localhost/dashboard/" "Mozilla/5.0 (Windows NT 10.0; Win64; x64) AppleWebKit/537.36 (KHTML, like Gecko) Chrome/95.0.4638.69 Safari/537.36"
::1 - - [10/Nov/2021:09:16:30 +0200] "GET /dashboard/images/social-icons@2x.png HTTP/1.1" 200 5360 "http://localhost/dashboard/" "Mozilla/5.0 (Windows NT 10.0; Win64; x64) AppleWebKit/537.36 (KHTML, like Gecko) Chrome/95.0.4638.69 Safari/537.36"
::1 - - [10/Nov/2021:09:16:30 +0200] "GET /dashboard/images/social-icons-large@2x.png HTTP/1.1" 200 6533 "http://localhost/dashboard/" "Mozilla/5.0 (Windows NT 10.0; Win64; x64) AppleWebKit/537.36 (KHTML, like Gecko) Chrome/95.0.4638.69 Safari/537.36"
::1 - - [10/Nov/2021:09:16:30 +0200] "GET /dashboard/images/pdf-icon.png HTTP/1.1" 200 3778 "http://localhost/dashboard/" "Mozilla/5.0 (Windows NT 10.0; Win64; x64) AppleWebKit/537.36 (KHTML, like Gecko) Chrome/95.0.4638.69 Safari/537.36"
::1 - - [10/Nov/2021:09:16:30 +0200] "GET /dashboard/javascripts/all.js HTTP/1.1" 200 188385 "http://localhost/dashboard/" "Mozilla/5.0 (Windows NT 10.0; Win64; x64) AppleWebKit/537.36 (KHTML, like Gecko) Chrome/95.0.4638.69 Safari/537.36"
::1 - - [10/Nov/2021:09:16:30 +0200] "GET /dashboard/images/xampp-logo.svg HTTP/1.1" 200 5427 "http://localhost/dashboard/" "Mozilla/5.0 (Windows NT 10.0; Win64; x64) AppleWebKit/537.36 (KHTML, like Gecko) Chrome/95.0.4638.69 Safari/537.36"
::1 - - [10/Nov/2021:09:16:30 +0200] "GET /dashboard/images/bitnami-xampp.png HTTP/1.1" 200 22133 "http://localhost/dashboard/" "Mozilla/5.0 (Windows NT 10.0; Win64; x64) AppleWebKit/537.36 (KHTML, like Gecko) Chrome/95.0.4638.69 Safari/537.36"
::1 - - [10/Nov/2021:09:16:30 +0200] "GET /dashboard/images/fastly-logo.png HTTP/1.1" 200 1770 "http://localhost/dashboard/" "Mozilla/5.0 (Windows NT 10.0; Win64; x64) AppleWebKit/537.36 (KHTML, like Gecko) Chrome/95.0.4638.69 Safari/537.36"
::1 - - [10/Nov/2021:09:16:38 +0200] "GET /dashboard/images/favicon.png HTTP/1.1" 200 2508 "http://localhost/dashboard/" "Mozilla/5.0 (Windows NT 10.0; Win64; x64) AppleWebKit/537.36 (KHTML, like Gecko) Chrome/95.0.4638.69 Safari/537.36"
::1 - - [10/Nov/2021:09:16:53 +0200] "GET /dashboard/howto.html HTTP/1.1" 200 6021 "http://localhost/dashboard/" "Mozilla/5.0 (Windows NT 10.0; Win64; x64) AppleWebKit/537.36 (KHTML, like Gecko) Chrome/95.0.4638.69 Safari/537.36"
::1 - - [10/Nov/2021:09:17:06 +0200] "GET /dashboard/faq.html HTTP/1.1" 200 31751 "http://localhost/dashboard/howto.html" "Mozilla/5.0 (Windows NT 10.0; Win64; x64) AppleWebKit/537.36 (KHTML, like Gecko) Chrome/95.0.4638.69 Safari/537.36"
::1 - - [10/Nov/2021:09:17:06 +0200] "GET /dashboard/images/screenshots/xampp-windows-start.jpg HTTP/1.1" 200 491093 "http://localhost/dashboard/faq.html" "Mozilla/5.0 (Windows NT 10.0; Win64; x64) AppleWebKit/537.36 (KHTML, like Gecko) Chrome/95.0.4638.69 Safari/537.36"
::1 - - [10/Nov/2021:09:17:21 +0200] "GET /applications.html HTTP/1.1" 200 3607 "http://localhost/dashboard/faq.html" "Mozilla/5.0 (Windows NT 10.0; Win64; x64) AppleWebKit/537.36 (KHTML, like Gecko) Chrome/95.0.4638.69 Safari/537.36"
::1 - - [10/Nov/2021:09:17:21 +0200] "GET /bitnami.css HTTP/1.1" 200 177 "http://localhost/applications.html" "Mozilla/5.0 (Windows NT 10.0; Win64; x64) AppleWebKit/537.36 (KHTML, like Gecko) Chrome/95.0.4638.69 Safari/537.36"
::1 - - [10/Nov/2021:09:17:21 +0200] "GET /favicon.ico HTTP/1.1" 200 30894 "http://localhost/applications.html" "Mozilla/5.0 (Windows NT 10.0; Win64; x64) AppleWebKit/537.36 (KHTML, like Gecko) Chrome/95.0.4638.69 Safari/537.36"
::1 - - [10/Nov/2021:09:17:28 +0200] "GET /dashboard/phpinfo.php HTTP/1.1" 200 85257 "http://localhost/applications.html" "Mozilla/5.0 (Windows NT 10.0; Win64; x64) AppleWebKit/537.36 (KHTML, like Gecko) Chrome/95.0.4638.69 Safari/537.36"
::1 - - [10/Nov/2021:09:17:31 +0200] "GET /phpmyadmin/ HTTP/1.1" 200 15865 "http://localhost/applications.html" "Mozilla/5.0 (Windows NT 10.0; Win64; x64) AppleWebKit/537.36 (KHTML, like Gecko) Chrome/95.0.4638.69 Safari/537.36"
::1 - - [10/Nov/2021:09:17:32 +0200] "GET /phpmyadmin/themes/pmahomme/jquery/jquery-ui.css HTTP/1.1" 200 36566 "-" "Mozilla/5.0 (Windows NT 10.0; Win64; x64) AppleWebKit/537.36 (KHTML, like Gecko) Chrome/95.0.4638.69 Safari/537.36"
::1 - - [10/Nov/2021:09:17:32 +0200] "GET /phpmyadmin/js/vendor/codemirror/lib/codemirror.css?v=5.1.1 HTTP/1.1" 200 8722 "-" "Mozilla/5.0 (Windows NT 10.0; Win64; x64) AppleWebKit/537.36 (KHTML, like Gecko) Chrome/95.0.4638.69 Safari/537.36"
::1 - - [10/Nov/2021:09:17:32 +0200] "GET /phpmyadmin/js/vendor/codemirror/addon/hint/show-hint.css?v=5.1.1 HTTP/1.1" 200 623 "-" "Mozilla/5.0 (Windows NT 10.0; Win64; x64) AppleWebKit/537.36 (KHTML, like Gecko) Chrome/95.0.4638.69 Safari/537.36"
::1 - - [10/Nov/2021:09:17:32 +0200] "GET /phpmyadmin/js/vendor/codemirror/addon/lint/lint.css?v=5.1.1 HTTP/1.1" 200 2878 "-" "Mozilla/5.0 (Windows NT 10.0; Win64; x64) AppleWebKit/537.36 (KHTML, like Gecko) Chrome/95.0.4638.69 Safari/537.36"
::1 - - [10/Nov/2021:09:17:32 +0200] "GET /phpmyadmin/js/vendor/jquery/jquery.min.js?v=5.1.1 HTTP/1.1" 200 89476 "-" "Mozilla/5.0 (Windows NT 10.0; Win64; x64) AppleWebKit/537.36 (KHTML, like Gecko) Chrome/95.0.4638.69 Safari/537.36"
::1 - - [10/Nov/2021:09:17:32 +0200] "GET /phpmyadmin/themes/pmahomme/css/theme.css?v=5.1.1&nocache=2594244035ltr&server=1 HTTP/1.1" 200 214799 "-" "Mozilla/5.0 (Windows NT 10.0; Win64; x64) AppleWebKit/537.36 (KHTML, like Gecko) Chrome/95.0.4638.69 Safari/537.36"
::1 - - [10/Nov/2021:09:17:32 +0200] "GET /phpmyadmin/js/vendor/jquery/jquery-migrate.js?v=5.1.1 HTTP/1.1" 200 25300 "-" "Mozilla/5.0 (Windows NT 10.0; Win64; x64) AppleWebKit/537.36 (KHTML, like Gecko) Chrome/95.0.4638.69 Safari/537.36"
::1 - - [10/Nov/2021:09:17:32 +0200] "GET /phpmyadmin/js/vendor/sprintf.js?v=5.1.1 HTTP/1.1" 200 7409 "-" "Mozilla/5.0 (Windows NT 10.0; Win64; x64) AppleWebKit/537.36 (KHTML, like Gecko) Chrome/95.0.4638.69 Safari/537.36"
::1 - - [10/Nov/2021:09:17:32 +0200] "GET /phpmyadmin/js/dist/ajax.js?v=5.1.1 HTTP/1.1" 200 31313 "-" "Mozilla/5.0 (Windows NT 10.0; Win64; x64) AppleWebKit/537.36 (KHTML, like Gecko) Chrome/95.0.4638.69 Safari/537.36"
::1 - - [10/Nov/2021:09:17:32 +0200] "GET /phpmyadmin/js/dist/keyhandler.js?v=5.1.1 HTTP/1.1" 200 3003 "-" "Mozilla/5.0 (Windows NT 10.0; Win64; x64) AppleWebKit/537.36 (KHTML, like Gecko) Chrome/95.0.4638.69 Safari/537.36"
::1 - - [10/Nov/2021:09:17:32 +0200] "GET /phpmyadmin/js/vendor/js.cookie.js?v=5.1.1 HTTP/1.1" 200 3883 "-" "Mozilla/5.0 (Windows NT 10.0; Win64; x64) AppleWebKit/537.36 (KHTML, like Gecko) Chrome/95.0.4638.69 Safari/537.36"
::1 - - [10/Nov/2021:09:17:32 +0200] "GET /phpmyadmin/js/vendor/bootstrap/bootstrap.bundle.min.js?v=5.1.1 HTTP/1.1" 200 84152 "-" "Mozilla/5.0 (Windows NT 10.0; Win64; x64) AppleWebKit/537.36 (KHTML, like Gecko) Chrome/95.0.4638.69 Safari/537.36"
::1 - - [10/Nov/2021:09:17:32 +0200] "GET /phpmyadmin/js/vendor/jquery/jquery-ui.min.js?v=5.1.1 HTTP/1.1" 200 253669 "-" "Mozilla/5.0 (Windows NT 10.0; Win64; x64) AppleWebKit/537.36 (KHTML, like Gecko) Chrome/95.0.4638.69 Safari/537.36"
::1 - - [10/Nov/2021:09:17:32 +0200] "GET /phpmyadmin/js/vendor/jquery/jquery.mousewheel.js?v=5.1.1 HTTP/1.1" 200 8267 "-" "Mozilla/5.0 (Windows NT 10.0; Win64; x64) AppleWebKit/537.36 (KHTML, like Gecko) Chrome/95.0.4638.69 Safari/537.36"
::1 - - [10/Nov/2021:09:17:32 +0200] "GET /phpmyadmin/js/vendor/jquery/jquery.validate.js?v=5.1.1 HTTP/1.1" 200 50963 "-" "Mozilla/5.0 (Windows NT 10.0; Win64; x64) AppleWebKit/537.36 (KHTML, like Gecko) Chrome/95.0.4638.69 Safari/537.36"
::1 - - [10/Nov/2021:09:17:32 +0200] "GET /phpmyadmin/js/vendor/jquery/jquery-ui-timepicker-addon.js?v=5.1.1 HTTP/1.1" 200 78475 "-" "Mozilla/5.0 (Windows NT 10.0; Win64; x64) AppleWebKit/537.36 (KHTML, like Gecko) Chrome/95.0.4638.69 Safari/537.36"
::1 - - [10/Nov/2021:09:17:32 +0200] "GET /phpmyadmin/js/vendor/jquery/jquery.ba-hashchange-2.0.js?v=5.1.1 HTTP/1.1" 200 10505 "-" "Mozilla/5.0 (Windows NT 10.0; Win64; x64) AppleWebKit/537.36 (KHTML, like Gecko) Chrome/95.0.4638.69 Safari/537.36"
::1 - - [10/Nov/2021:09:17:32 +0200] "GET /phpmyadmin/js/vendor/jquery/jquery.debounce-1.0.6.js?v=5.1.1 HTTP/1.1" 200 1608 "-" "Mozilla/5.0 (Windows NT 10.0; Win64; x64) AppleWebKit/537.36 (KHTML, like Gecko) Chrome/95.0.4638.69 Safari/537.36"
::1 - - [10/Nov/2021:09:17:32 +0200] "GET /phpmyadmin/js/dist/menu_resizer.js?v=5.1.1 HTTP/1.1" 200 5644 "-" "Mozilla/5.0 (Windows NT 10.0; Win64; x64) AppleWebKit/537.36 (KHTML, like Gecko) Chrome/95.0.4638.69 Safari/537.36"
::1 - - [10/Nov/2021:09:17:32 +0200] "GET /phpmyadmin/js/dist/cross_framing_protection.js?v=5.1.1 HTTP/1.1" 200 419 "-" "Mozilla/5.0 (Windows NT 10.0; Win64; x64) AppleWebKit/537.36 (KHTML, like Gecko) Chrome/95.0.4638.69 Safari/537.36"
::1 - - [10/Nov/2021:09:17:32 +0200] "GET /phpmyadmin/js/dist/rte.js?v=5.1.1 HTTP/1.1" 200 40074 "-" "Mozilla/5.0 (Windows NT 10.0; Win64; x64) AppleWebKit/537.36 (KHTML, like Gecko) Chrome/95.0.4638.69 Safari/537.36"
::1 - - [10/Nov/2021:09:17:32 +0200] "GET /phpmyadmin/js/vendor/tracekit.js?v=5.1.1 HTTP/1.1" 200 45389 "-" "Mozilla/5.0 (Windows NT 10.0; Win64; x64) AppleWebKit/537.36 (KHTML, like Gecko) Chrome/95.0.4638.69 Safari/537.36"
::1 - - [10/Nov/2021:09:17:32 +0200] "GET /phpmyadmin/js/dist/error_report.js?v=5.1.1 HTTP/1.1" 200 9621 "-" "Mozilla/5.0 (Windows NT 10.0; Win64; x64) AppleWebKit/537.36 (KHTML, like Gecko) Chrome/95.0.4638.69 Safari/537.36"
::1 - - [10/Nov/2021:09:17:32 +0200] "GET /phpmyadmin/js/dist/config.js?v=5.1.1 HTTP/1.1" 200 24956 "-" "Mozilla/5.0 (Windows NT 10.0; Win64; x64) AppleWebKit/537.36 (KHTML, like Gecko) Chrome/95.0.4638.69 Safari/537.36"
::1 - - [10/Nov/2021:09:17:32 +0200] "GET /phpmyadmin/js/dist/doclinks.js?v=5.1.1 HTTP/1.1" 200 18275 "-" "Mozilla/5.0 (Windows NT 10.0; Win64; x64) AppleWebKit/537.36 (KHTML, like Gecko) Chrome/95.0.4638.69 Safari/537.36"
::1 - - [10/Nov/2021:09:17:32 +0200] "GET /phpmyadmin/js/dist/functions.js?v=5.1.1 HTTP/1.1" 200 160967 "-" "Mozilla/5.0 (Windows NT 10.0; Win64; x64) AppleWebKit/537.36 (KHTML, like Gecko) Chrome/95.0.4638.69 Safari/537.36"
::1 - - [10/Nov/2021:09:17:32 +0200] "GET /phpmyadmin/js/dist/navigation.js?v=5.1.1 HTTP/1.1" 200 54678 "-" "Mozilla/5.0 (Windows NT 10.0; Win64; x64) AppleWebKit/537.36 (KHTML, like Gecko) Chrome/95.0.4638.69 Safari/537.36"
::1 - - [10/Nov/2021:09:17:32 +0200] "GET /phpmyadmin/js/dist/indexes.js?v=5.1.1 HTTP/1.1" 200 26344 "-" "Mozilla/5.0 (Windows NT 10.0; Win64; x64) AppleWebKit/537.36 (KHTML, like Gecko) Chrome/95.0.4638.69 Safari/537.36"
::1 - - [10/Nov/2021:09:17:32 +0200] "GET /phpmyadmin/js/dist/common.js?v=5.1.1 HTTP/1.1" 200 4367 "-" "Mozilla/5.0 (Windows NT 10.0; Win64; x64) AppleWebKit/537.36 (KHTML, like Gecko) Chrome/95.0.4638.69 Safari/537.36"
::1 - - [10/Nov/2021:09:17:32 +0200] "GET /phpmyadmin/js/dist/page_settings.js?v=5.1.1 HTTP/1.1" 200 1568 "-" "Mozilla/5.0 (Windows NT 10.0; Win64; x64) AppleWebKit/537.36 (KHTML, like Gecko) Chrome/95.0.4638.69 Safari/537.36"
::1 - - [10/Nov/2021:09:17:32 +0200] "GET /phpmyadmin/js/dist/drag_drop_import.js?v=5.1.1 HTTP/1.1" 200 12308 "-" "Mozilla/5.0 (Windows NT 10.0; Win64; x64) AppleWebKit/537.36 (KHTML, like Gecko) Chrome/95.0.4638.69 Safari/537.36"
::1 - - [10/Nov/2021:09:17:32 +0200] "GET /phpmyadmin/js/dist/shortcuts_handler.js?v=5.1.1 HTTP/1.1" 200 3326 "-" "Mozilla/5.0 (Windows NT 10.0; Win64; x64) AppleWebKit/537.36 (KHTML, like Gecko) Chrome/95.0.4638.69 Safari/537.36"
::1 - - [10/Nov/2021:09:17:32 +0200] "GET /phpmyadmin/js/vendor/codemirror/lib/codemirror.js?v=5.1.1 HTTP/1.1" 200 398364 "-" "Mozilla/5.0 (Windows NT 10.0; Win64; x64) AppleWebKit/537.36 (KHTML, like Gecko) Chrome/95.0.4638.69 Safari/537.36"
::1 - - [10/Nov/2021:09:17:32 +0200] "GET /phpmyadmin/js/vendor/codemirror/mode/sql/sql.js?v=5.1.1 HTTP/1.1" 200 47998 "-" "Mozilla/5.0 (Windows NT 10.0; Win64; x64) AppleWebKit/537.36 (KHTML, like Gecko) Chrome/95.0.4638.69 Safari/537.36"
::1 - - [10/Nov/2021:09:17:32 +0200] "GET /phpmyadmin/js/vendor/codemirror/addon/runmode/runmode.js?v=5.1.1 HTTP/1.1" 200 2773 "-" "Mozilla/5.0 (Windows NT 10.0; Win64; x64) AppleWebKit/537.36 (KHTML, like Gecko) Chrome/95.0.4638.69 Safari/537.36"
::1 - - [10/Nov/2021:09:17:32 +0200] "GET /phpmyadmin/js/vendor/codemirror/addon/hint/show-hint.js?v=5.1.1 HTTP/1.1" 200 19089 "-" "Mozilla/5.0 (Windows NT 10.0; Win64; x64) AppleWebKit/537.36 (KHTML, like Gecko) Chrome/95.0.4638.69 Safari/537.36"
::1 - - [10/Nov/2021:09:17:32 +0200] "GET /phpmyadmin/js/vendor/codemirror/addon/hint/sql-hint.js?v=5.1.1 HTTP/1.1" 200 9604 "-" "Mozilla/5.0 (Windows NT 10.0; Win64; x64) AppleWebKit/537.36 (KHTML, like Gecko) Chrome/95.0.4638.69 Safari/537.36"
::1 - - [10/Nov/2021:09:17:32 +0200] "GET /phpmyadmin/js/vendor/codemirror/addon/lint/lint.js?v=5.1.1 HTTP/1.1" 200 9125 "-" "Mozilla/5.0 (Windows NT 10.0; Win64; x64) AppleWebKit/537.36 (KHTML, like Gecko) Chrome/95.0.4638.69 Safari/537.36"
::1 - - [10/Nov/2021:09:17:32 +0200] "GET /phpmyadmin/js/dist/codemirror/addon/lint/sql-lint.js?v=5.1.1 HTTP/1.1" 200 959 "-" "Mozilla/5.0 (Windows NT 10.0; Win64; x64) AppleWebKit/537.36 (KHTML, like Gecko) Chrome/95.0.4638.69 Safari/537.36"
::1 - - [10/Nov/2021:09:17:32 +0200] "GET /phpmyadmin/js/dist/console.js?v=5.1.1 HTTP/1.1" 200 49656 "-" "Mozilla/5.0 (Windows NT 10.0; Win64; x64) AppleWebKit/537.36 (KHTML, like Gecko) Chrome/95.0.4638.69 Safari/537.36"
::1 - - [10/Nov/2021:09:17:32 +0200] "GET /phpmyadmin/themes/pmahomme/img/logo_left.png HTTP/1.1" 200 2713 "-" "Mozilla/5.0 (Windows NT 10.0; Win64; x64) AppleWebKit/537.36 (KHTML, like Gecko) Chrome/95.0.4638.69 Safari/537.36"
::1 - - [10/Nov/2021:09:17:32 +0200] "GET /phpmyadmin/js/messages.php?l=en&v=5.1.1&lang=en HTTP/1.1" 200 7921 "-" "Mozilla/5.0 (Windows NT 10.0; Win64; x64) AppleWebKit/537.36 (KHTML, like Gecko) Chrome/95.0.4638.69 Safari/537.36"
::1 - - [10/Nov/2021:09:17:32 +0200] "GET /phpmyadmin/themes/dot.gif HTTP/1.1" 200 43 "-" "Mozilla/5.0 (Windows NT 10.0; Win64; x64) AppleWebKit/537.36 (KHTML, like Gecko) Chrome/95.0.4638.69 Safari/537.36"
::1 - - [10/Nov/2021:09:17:32 +0200] "GET /phpmyadmin/themes/pmahomme/css/printview.css?v=5.1.1 HTTP/1.1" 200 1392 "-" "Mozilla/5.0 (Windows NT 10.0; Win64; x64) AppleWebKit/537.36 (KHTML, like Gecko) Chrome/95.0.4638.69 Safari/537.36"
::1 - - [10/Nov/2021:09:17:32 +0200] "GET /phpmyadmin/themes/pmahomme/img/left_nav_bg.png HTTP/1.1" 200 146 "http://localhost/phpmyadmin/themes/pmahomme/css/theme.css?v=5.1.1&nocache=2594244035ltr&server=1" "Mozilla/5.0 (Windows NT 10.0; Win64; x64) AppleWebKit/537.36 (KHTML, like Gecko) Chrome/95.0.4638.69 Safari/537.36"
::1 - - [10/Nov/2021:09:17:32 +0200] "GET /phpmyadmin/themes/pmahomme/img/b_home.png HTTP/1.1" 200 734 "http://localhost/phpmyadmin/themes/pmahomme/css/theme.css?v=5.1.1&nocache=2594244035ltr&server=1" "Mozilla/5.0 (Windows NT 10.0; Win64; x64) AppleWebKit/537.36 (KHTML, like Gecko) Chrome/95.0.4638.69 Safari/537.36"
::1 - - [10/Nov/2021:09:17:32 +0200] "GET /phpmyadmin/themes/pmahomme/img/s_loggoff.png HTTP/1.1" 200 626 "http://localhost/phpmyadmin/themes/pmahomme/css/theme.css?v=5.1.1&nocache=2594244035ltr&server=1" "Mozilla/5.0 (Windows NT 10.0; Win64; x64) AppleWebKit/537.36 (KHTML, like Gecko) Chrome/95.0.4638.69 Safari/537.36"
::1 - - [10/Nov/2021:09:17:32 +0200] "GET /phpmyadmin/themes/pmahomme/img/b_docs.png HTTP/1.1" 200 705 "http://localhost/phpmyadmin/themes/pmahomme/css/theme.css?v=5.1.1&nocache=2594244035ltr&server=1" "Mozilla/5.0 (Windows NT 10.0; Win64; x64) AppleWebKit/537.36 (KHTML, like Gecko) Chrome/95.0.4638.69 Safari/537.36"
::1 - - [10/Nov/2021:09:17:32 +0200] "GET /phpmyadmin/themes/pmahomme/img/s_cog.png HTTP/1.1" 200 442 "http://localhost/phpmyadmin/themes/pmahomme/css/theme.css?v=5.1.1&nocache=2594244035ltr&server=1" "Mozilla/5.0 (Windows NT 10.0; Win64; x64) AppleWebKit/537.36 (KHTML, like Gecko) Chrome/95.0.4638.69 Safari/537.36"
::1 - - [10/Nov/2021:09:17:32 +0200] "GET /phpmyadmin/themes/pmahomme/img/b_sqlhelp.png HTTP/1.1" 200 512 "http://localhost/phpmyadmin/themes/pmahomme/css/theme.css?v=5.1.1&nocache=2594244035ltr&server=1" "Mozilla/5.0 (Windows NT 10.0; Win64; x64) AppleWebKit/537.36 (KHTML, like Gecko) Chrome/95.0.4638.69 Safari/537.36"
::1 - - [10/Nov/2021:09:17:32 +0200] "GET /phpmyadmin/themes/pmahomme/img/s_reload.png HTTP/1.1" 200 527 "http://localhost/phpmyadmin/themes/pmahomme/css/theme.css?v=5.1.1&nocache=2594244035ltr&server=1" "Mozilla/5.0 (Windows NT 10.0; Win64; x64) AppleWebKit/537.36 (KHTML, like Gecko) Chrome/95.0.4638.69 Safari/537.36"
::1 - - [10/Nov/2021:09:17:32 +0200] "GET /phpmyadmin/themes/pmahomme/img/s_link.png HTTP/1.1" 200 280 "http://localhost/phpmyadmin/themes/pmahomme/css/theme.css?v=5.1.1&nocache=2594244035ltr&server=1" "Mozilla/5.0 (Windows NT 10.0; Win64; x64) AppleWebKit/537.36 (KHTML, like Gecko) Chrome/95.0.4638.69 Safari/537.36"
::1 - - [10/Nov/2021:09:17:32 +0200] "GET /phpmyadmin/themes/pmahomme/img/b_newdb.png HTTP/1.1" 200 585 "http://localhost/phpmyadmin/themes/pmahomme/css/theme.css?v=5.1.1&nocache=2594244035ltr&server=1" "Mozilla/5.0 (Windows NT 10.0; Win64; x64) AppleWebKit/537.36 (KHTML, like Gecko) Chrome/95.0.4638.69 Safari/537.36"
::1 - - [10/Nov/2021:09:17:32 +0200] "GET /phpmyadmin/themes/pmahomme/img/b_plus.png HTTP/1.1" 200 143 "http://localhost/phpmyadmin/themes/pmahomme/css/theme.css?v=5.1.1&nocache=2594244035ltr&server=1" "Mozilla/5.0 (Windows NT 10.0; Win64; x64) AppleWebKit/537.36 (KHTML, like Gecko) Chrome/95.0.4638.69 Safari/537.36"
::1 - - [10/Nov/2021:09:17:32 +0200] "GET /phpmyadmin/themes/pmahomme/img/s_db.png HTTP/1.1" 200 328 "http://localhost/phpmyadmin/themes/pmahomme/css/theme.css?v=5.1.1&nocache=2594244035ltr&server=1" "Mozilla/5.0 (Windows NT 10.0; Win64; x64) AppleWebKit/537.36 (KHTML, like Gecko) Chrome/95.0.4638.69 Safari/537.36"
::1 - - [10/Nov/2021:09:17:32 +0200] "GET /phpmyadmin/themes/pmahomme/img/s_host.png HTTP/1.1" 200 591 "http://localhost/phpmyadmin/themes/pmahomme/css/theme.css?v=5.1.1&nocache=2594244035ltr&server=1" "Mozilla/5.0 (Windows NT 10.0; Win64; x64) AppleWebKit/537.36 (KHTML, like Gecko) Chrome/95.0.4638.69 Safari/537.36"
::1 - - [10/Nov/2021:09:17:32 +0200] "GET /phpmyadmin/themes/pmahomme/img/b_sql.png HTTP/1.1" 200 680 "http://localhost/phpmyadmin/themes/pmahomme/css/theme.css?v=5.1.1&nocache=2594244035ltr&server=1" "Mozilla/5.0 (Windows NT 10.0; Win64; x64) AppleWebKit/537.36 (KHTML, like Gecko) Chrome/95.0.4638.69 Safari/537.36"
::1 - - [10/Nov/2021:09:17:32 +0200] "GET /phpmyadmin/themes/pmahomme/img/s_status.png HTTP/1.1" 200 600 "http://localhost/phpmyadmin/themes/pmahomme/css/theme.css?v=5.1.1&nocache=2594244035ltr&server=1" "Mozilla/5.0 (Windows NT 10.0; Win64; x64) AppleWebKit/537.36 (KHTML, like Gecko) Chrome/95.0.4638.69 Safari/537.36"
::1 - - [10/Nov/2021:09:17:32 +0200] "GET /phpmyadmin/themes/pmahomme/img/s_rights.png HTTP/1.1" 200 461 "http://localhost/phpmyadmin/themes/pmahomme/css/theme.css?v=5.1.1&nocache=2594244035ltr&server=1" "Mozilla/5.0 (Windows NT 10.0; Win64; x64) AppleWebKit/537.36 (KHTML, like Gecko) Chrome/95.0.4638.69 Safari/537.36"
::1 - - [10/Nov/2021:09:17:32 +0200] "GET /phpmyadmin/themes/pmahomme/img/b_export.png HTTP/1.1" 200 514 "http://localhost/phpmyadmin/themes/pmahomme/css/theme.css?v=5.1.1&nocache=2594244035ltr&server=1" "Mozilla/5.0 (Windows NT 10.0; Win64; x64) AppleWebKit/537.36 (KHTML, like Gecko) Chrome/95.0.4638.69 Safari/537.36"
::1 - - [10/Nov/2021:09:17:32 +0200] "GET /phpmyadmin/themes/pmahomme/img/b_import.png HTTP/1.1" 200 556 "http://localhost/phpmyadmin/themes/pmahomme/css/theme.css?v=5.1.1&nocache=2594244035ltr&server=1" "Mozilla/5.0 (Windows NT 10.0; Win64; x64) AppleWebKit/537.36 (KHTML, like Gecko) Chrome/95.0.4638.69 Safari/537.36"
::1 - - [10/Nov/2021:09:17:32 +0200] "GET /phpmyadmin/themes/pmahomme/img/b_tblops.png HTTP/1.1" 200 537 "http://localhost/phpmyadmin/themes/pmahomme/css/theme.css?v=5.1.1&nocache=2594244035ltr&server=1" "Mozilla/5.0 (Windows NT 10.0; Win64; x64) AppleWebKit/537.36 (KHTML, like Gecko) Chrome/95.0.4638.69 Safari/537.36"
::1 - - [10/Nov/2021:09:17:32 +0200] "GET /phpmyadmin/themes/pmahomme/img/s_replication.png HTTP/1.1" 200 399 "http://localhost/phpmyadmin/themes/pmahomme/css/theme.css?v=5.1.1&nocache=2594244035ltr&server=1" "Mozilla/5.0 (Windows NT 10.0; Win64; x64) AppleWebKit/537.36 (KHTML, like Gecko) Chrome/95.0.4638.69 Safari/537.36"
::1 - - [10/Nov/2021:09:17:32 +0200] "GET /phpmyadmin/themes/pmahomme/img/s_vars.png HTTP/1.1" 200 523 "http://localhost/phpmyadmin/themes/pmahomme/css/theme.css?v=5.1.1&nocache=2594244035ltr&server=1" "Mozilla/5.0 (Windows NT 10.0; Win64; x64) AppleWebKit/537.36 (KHTML, like Gecko) Chrome/95.0.4638.69 Safari/537.36"
::1 - - [10/Nov/2021:09:17:32 +0200] "GET /phpmyadmin/themes/pmahomme/img/s_asci.png HTTP/1.1" 200 148 "http://localhost/phpmyadmin/themes/pmahomme/css/theme.css?v=5.1.1&nocache=2594244035ltr&server=1" "Mozilla/5.0 (Windows NT 10.0; Win64; x64) AppleWebKit/537.36 (KHTML, like Gecko) Chrome/95.0.4638.69 Safari/537.36"
::1 - - [10/Nov/2021:09:17:32 +0200] "GET /phpmyadmin/themes/pmahomme/img/b_engine.png HTTP/1.1" 200 398 "http://localhost/phpmyadmin/themes/pmahomme/css/theme.css?v=5.1.1&nocache=2594244035ltr&server=1" "Mozilla/5.0 (Windows NT 10.0; Win64; x64) AppleWebKit/537.36 (KHTML, like Gecko) Chrome/95.0.4638.69 Safari/537.36"
::1 - - [10/Nov/2021:09:17:32 +0200] "GET /phpmyadmin/themes/pmahomme/img/b_plugin.png HTTP/1.1" 200 512 "http://localhost/phpmyadmin/themes/pmahomme/css/theme.css?v=5.1.1&nocache=2594244035ltr&server=1" "Mozilla/5.0 (Windows NT 10.0; Win64; x64) AppleWebKit/537.36 (KHTML, like Gecko) Chrome/95.0.4638.69 Safari/537.36"
::1 - - [10/Nov/2021:09:17:32 +0200] "GET /phpmyadmin/themes/pmahomme/img/s_top.png HTTP/1.1" 200 220 "http://localhost/phpmyadmin/themes/pmahomme/css/theme.css?v=5.1.1&nocache=2594244035ltr&server=1" "Mozilla/5.0 (Windows NT 10.0; Win64; x64) AppleWebKit/537.36 (KHTML, like Gecko) Chrome/95.0.4638.69 Safari/537.36"
::1 - - [10/Nov/2021:09:17:32 +0200] "GET /phpmyadmin/themes/pmahomme/img/console.png HTTP/1.1" 200 292 "http://localhost/phpmyadmin/themes/pmahomme/css/theme.css?v=5.1.1&nocache=2594244035ltr&server=1" "Mozilla/5.0 (Windows NT 10.0; Win64; x64) AppleWebKit/537.36 (KHTML, like Gecko) Chrome/95.0.4638.69 Safari/537.36"
::1 - - [10/Nov/2021:09:17:32 +0200] "GET /phpmyadmin/themes/pmahomme/img/b_help.png HTTP/1.1" 200 705 "http://localhost/phpmyadmin/themes/pmahomme/css/theme.css?v=5.1.1&nocache=2594244035ltr&server=1" "Mozilla/5.0 (Windows NT 10.0; Win64; x64) AppleWebKit/537.36 (KHTML, like Gecko) Chrome/95.0.4638.69 Safari/537.36"
::1 - - [10/Nov/2021:09:17:32 +0200] "GET /phpmyadmin/themes/pmahomme/img/s_lang.png HTTP/1.1" 200 659 "http://localhost/phpmyadmin/themes/pmahomme/css/theme.css?v=5.1.1&nocache=2594244035ltr&server=1" "Mozilla/5.0 (Windows NT 10.0; Win64; x64) AppleWebKit/537.36 (KHTML, like Gecko) Chrome/95.0.4638.69 Safari/537.36"
::1 - - [10/Nov/2021:09:17:32 +0200] "GET /phpmyadmin/themes/pmahomme/img/s_theme.png HTTP/1.1" 200 772 "http://localhost/phpmyadmin/themes/pmahomme/css/theme.css?v=5.1.1&nocache=2594244035ltr&server=1" "Mozilla/5.0 (Windows NT 10.0; Win64; x64) AppleWebKit/537.36 (KHTML, like Gecko) Chrome/95.0.4638.69 Safari/537.36"
::1 - - [10/Nov/2021:09:17:32 +0200] "GET /phpmyadmin/themes/pmahomme/img/window-new.png HTTP/1.1" 200 468 "http://localhost/phpmyadmin/themes/pmahomme/css/theme.css?v=5.1.1&nocache=2594244035ltr&server=1" "Mozilla/5.0 (Windows NT 10.0; Win64; x64) AppleWebKit/537.36 (KHTML, like Gecko) Chrome/95.0.4638.69 Safari/537.36"
::1 - - [10/Nov/2021:09:17:32 +0200] "GET /phpmyadmin/favicon.ico HTTP/1.1" 200 22486 "-" "Mozilla/5.0 (Windows NT 10.0; Win64; x64) AppleWebKit/537.36 (KHTML, like Gecko) Chrome/95.0.4638.69 Safari/537.36"
::1 - - [10/Nov/2021:09:17:32 +0200] "POST /phpmyadmin/index.php?route=/navigation&ajax_request=1 HTTP/1.1" 200 2266 "-" "Mozilla/5.0 (Windows NT 10.0; Win64; x64) AppleWebKit/537.36 (KHTML, like Gecko) Chrome/95.0.4638.69 Safari/537.36"
::1 - - [10/Nov/2021:09:17:32 +0200] "POST /phpmyadmin/index.php?route=/config/get HTTP/1.1" 200 1564 "-" "Mozilla/5.0 (Windows NT 10.0; Win64; x64) AppleWebKit/537.36 (KHTML, like Gecko) Chrome/95.0.4638.69 Safari/537.36"
::1 - - [10/Nov/2021:09:17:32 +0200] "POST /phpmyadmin/index.php?route=/version-check HTTP/1.1" 200 64 "-" "Mozilla/5.0 (Windows NT 10.0; Win64; x64) AppleWebKit/537.36 (KHTML, like Gecko) Chrome/95.0.4638.69 Safari/537.36"
::1 - - [10/Nov/2021:09:17:32 +0200] "POST /phpmyadmin/index.php?route=/database/structure/favorite-table&ajax_request=1&favorite_table=1&sync_favorite_tables=1&lang=en HTTP/1.1" 200 155 "-" "Mozilla/5.0 (Windows NT 10.0; Win64; x64) AppleWebKit/537.36 (KHTML, like Gecko) Chrome/95.0.4638.69 Safari/537.36"
::1 - - [10/Nov/2021:09:17:32 +0200] "POST /phpmyadmin/index.php?route=/config/get HTTP/1.1" 200 1656 "-" "Mozilla/5.0 (Windows NT 10.0; Win64; x64) AppleWebKit/537.36 (KHTML, like Gecko) Chrome/95.0.4638.69 Safari/537.36"
::1 - - [10/Nov/2021:09:17:32 +0200] "POST /phpmyadmin/index.php?route=/config/set HTTP/1.1" 200 1556 "-" "Mozilla/5.0 (Windows NT 10.0; Win64; x64) AppleWebKit/537.36 (KHTML, like Gecko) Chrome/95.0.4638.69 Safari/537.36"
::1 - - [10/Nov/2021:09:17:42 +0200] "GET /phpmyadmin/themes/pmahomme/img/ajax_clock_small.gif HTTP/1.1" 200 1810 "http://localhost/phpmyadmin/themes/pmahomme/css/theme.css?v=5.1.1&nocache=2594244035ltr&server=1" "Mozilla/5.0 (Windows NT 10.0; Win64; x64) AppleWebKit/537.36 (KHTML, like Gecko) Chrome/95.0.4638.69 Safari/537.36"
::1 - - [10/Nov/2021:09:17:42 +0200] "GET /phpmyadmin/index.php?route=/server/databases&lang=en&ajax_request=true&ajax_page_request=true&_nocache=1636528662054578493&token=603d273578354775777a5b533f53296b HTTP/1.1" 200 7560 "-" "Mozilla/5.0 (Windows NT 10.0; Win64; x64) AppleWebKit/537.36 (KHTML, like Gecko) Chrome/95.0.4638.69 Safari/537.36"
::1 - - [10/Nov/2021:09:17:42 +0200] "GET /phpmyadmin/themes/pmahomme/img/s_asc.png HTTP/1.1" 200 146 "http://localhost/phpmyadmin/themes/pmahomme/css/theme.css?v=5.1.1&nocache=2594244035ltr&server=1" "Mozilla/5.0 (Windows NT 10.0; Win64; x64) AppleWebKit/537.36 (KHTML, like Gecko) Chrome/95.0.4638.69 Safari/537.36"
::1 - - [10/Nov/2021:09:17:42 +0200] "GET /phpmyadmin/themes/pmahomme/img/b_deltbl.png HTTP/1.1" 200 577 "http://localhost/phpmyadmin/themes/pmahomme/css/theme.css?v=5.1.1&nocache=2594244035ltr&server=1" "Mozilla/5.0 (Windows NT 10.0; Win64; x64) AppleWebKit/537.36 (KHTML, like Gecko) Chrome/95.0.4638.69 Safari/537.36"
::1 - - [10/Nov/2021:09:17:42 +0200] "GET /phpmyadmin/themes/pmahomme/img/s_notice.png HTTP/1.1" 200 567 "http://localhost/phpmyadmin/themes/pmahomme/css/theme.css?v=5.1.1&nocache=2594244035ltr&server=1" "Mozilla/5.0 (Windows NT 10.0; Win64; x64) AppleWebKit/537.36 (KHTML, like Gecko) Chrome/95.0.4638.69 Safari/537.36"
::1 - - [10/Nov/2021:09:17:42 +0200] "GET /phpmyadmin/js/dist/server/databases.js?v=5.1.1 HTTP/1.1" 200 4917 "-" "Mozilla/5.0 (Windows NT 10.0; Win64; x64) AppleWebKit/537.36 (KHTML, like Gecko) Chrome/95.0.4638.69 Safari/537.36"
::1 - - [10/Nov/2021:09:17:42 +0200] "GET /phpmyadmin/themes/pmahomme/img/arrow_ltr.png HTTP/1.1" 200 101 "-" "Mozilla/5.0 (Windows NT 10.0; Win64; x64) AppleWebKit/537.36 (KHTML, like Gecko) Chrome/95.0.4638.69 Safari/537.36"
::1 - - [10/Nov/2021:09:17:55 +0200] "POST /phpmyadmin/index.php?route=/server/databases/create HTTP/1.1" 200 1954 "-" "Mozilla/5.0 (Windows NT 10.0; Win64; x64) AppleWebKit/537.36 (KHTML, like Gecko) Chrome/95.0.4638.69 Safari/537.36"
::1 - - [10/Nov/2021:09:17:55 +0200] "GET /phpmyadmin/themes/pmahomme/img/s_success.png HTTP/1.1" 200 465 "http://localhost/phpmyadmin/themes/pmahomme/css/theme.css?v=5.1.1&nocache=2594244035ltr&server=1" "Mozilla/5.0 (Windows NT 10.0; Win64; x64) AppleWebKit/537.36 (KHTML, like Gecko) Chrome/95.0.4638.69 Safari/537.36"
::1 - - [10/Nov/2021:09:17:55 +0200] "POST /phpmyadmin/index.php?route=/navigation&ajax_request=1 HTTP/1.1" 200 2307 "-" "Mozilla/5.0 (Windows NT 10.0; Win64; x64) AppleWebKit/537.36 (KHTML, like Gecko) Chrome/95.0.4638.69 Safari/537.36"
::1 - - [10/Nov/2021:09:17:55 +0200] "GET /phpmyadmin/index.php?route=/database/structure&db=newdatabase&ajax_request=true&ajax_page_request=true&_nocache=163652867515929862&token=603d273578354775777a5b533f53296b HTTP/1.1" 200 3001 "-" "Mozilla/5.0 (Windows NT 10.0; Win64; x64) AppleWebKit/537.36 (KHTML, like Gecko) Chrome/95.0.4638.69 Safari/537.36"
::1 - - [10/Nov/2021:09:17:55 +0200] "GET /phpmyadmin/themes/pmahomme/img/b_props.png HTTP/1.1" 200 573 "http://localhost/phpmyadmin/themes/pmahomme/css/theme.css?v=5.1.1&nocache=2594244035ltr&server=1" "Mozilla/5.0 (Windows NT 10.0; Win64; x64) AppleWebKit/537.36 (KHTML, like Gecko) Chrome/95.0.4638.69 Safari/537.36"
::1 - - [10/Nov/2021:09:17:55 +0200] "GET /phpmyadmin/themes/pmahomme/img/b_search.png HTTP/1.1" 200 538 "http://localhost/phpmyadmin/themes/pmahomme/css/theme.css?v=5.1.1&nocache=2594244035ltr&server=1" "Mozilla/5.0 (Windows NT 10.0; Win64; x64) AppleWebKit/537.36 (KHTML, like Gecko) Chrome/95.0.4638.69 Safari/537.36"
::1 - - [10/Nov/2021:09:17:55 +0200] "GET /phpmyadmin/themes/pmahomme/img/b_events.png HTTP/1.1" 200 703 "http://localhost/phpmyadmin/themes/pmahomme/css/theme.css?v=5.1.1&nocache=2594244035ltr&server=1" "Mozilla/5.0 (Windows NT 10.0; Win64; x64) AppleWebKit/537.36 (KHTML, like Gecko) Chrome/95.0.4638.69 Safari/537.36"
::1 - - [10/Nov/2021:09:17:55 +0200] "GET /phpmyadmin/themes/pmahomme/img/b_routines.png HTTP/1.1" 200 306 "http://localhost/phpmyadmin/themes/pmahomme/css/theme.css?v=5.1.1&nocache=2594244035ltr&server=1" "Mozilla/5.0 (Windows NT 10.0; Win64; x64) AppleWebKit/537.36 (KHTML, like Gecko) Chrome/95.0.4638.69 Safari/537.36"
::1 - - [10/Nov/2021:09:17:55 +0200] "GET /phpmyadmin/themes/pmahomme/img/b_triggers.png HTTP/1.1" 200 446 "http://localhost/phpmyadmin/themes/pmahomme/css/theme.css?v=5.1.1&nocache=2594244035ltr&server=1" "Mozilla/5.0 (Windows NT 10.0; Win64; x64) AppleWebKit/537.36 (KHTML, like Gecko) Chrome/95.0.4638.69 Safari/537.36"
::1 - - [10/Nov/2021:09:17:55 +0200] "GET /phpmyadmin/themes/pmahomme/img/eye.png HTTP/1.1" 200 663 "http://localhost/phpmyadmin/themes/pmahomme/css/theme.css?v=5.1.1&nocache=2594244035ltr&server=1" "Mozilla/5.0 (Windows NT 10.0; Win64; x64) AppleWebKit/537.36 (KHTML, like Gecko) Chrome/95.0.4638.69 Safari/537.36"
::1 - - [10/Nov/2021:09:17:55 +0200] "GET /phpmyadmin/themes/pmahomme/img/b_relations.png HTTP/1.1" 200 140 "http://localhost/phpmyadmin/themes/pmahomme/css/theme.css?v=5.1.1&nocache=2594244035ltr&server=1" "Mozilla/5.0 (Windows NT 10.0; Win64; x64) AppleWebKit/537.36 (KHTML, like Gecko) Chrome/95.0.4638.69 Safari/537.36"
::1 - - [10/Nov/2021:09:17:55 +0200] "GET /phpmyadmin/themes/pmahomme/img/centralColumns.png HTTP/1.1" 200 586 "http://localhost/phpmyadmin/themes/pmahomme/css/theme.css?v=5.1.1&nocache=2594244035ltr&server=1" "Mozilla/5.0 (Windows NT 10.0; Win64; x64) AppleWebKit/537.36 (KHTML, like Gecko) Chrome/95.0.4638.69 Safari/537.36"
::1 - - [10/Nov/2021:09:17:55 +0200] "GET /phpmyadmin/themes/pmahomme/img/b_table_add.png HTTP/1.1" 200 571 "http://localhost/phpmyadmin/themes/pmahomme/css/theme.css?v=5.1.1&nocache=2594244035ltr&server=1" "Mozilla/5.0 (Windows NT 10.0; Win64; x64) AppleWebKit/537.36 (KHTML, like Gecko) Chrome/95.0.4638.69 Safari/537.36"
::1 - - [10/Nov/2021:09:17:55 +0200] "GET /phpmyadmin/js/dist/database/structure.js?v=5.1.1 HTTP/1.1" 200 15663 "-" "Mozilla/5.0 (Windows NT 10.0; Win64; x64) AppleWebKit/537.36 (KHTML, like Gecko) Chrome/95.0.4638.69 Safari/537.36"
::1 - - [10/Nov/2021:09:17:55 +0200] "GET /phpmyadmin/js/dist/table/change.js?v=5.1.1 HTTP/1.1" 200 28848 "-" "Mozilla/5.0 (Windows NT 10.0; Win64; x64) AppleWebKit/537.36 (KHTML, like Gecko) Chrome/95.0.4638.69 Safari/537.36"
::1 - - [10/Nov/2021:09:17:55 +0200] "GET /phpmyadmin/index.php?route=/navigation&ajax_request=1&server=1&aPath=cm9vdA%3D%3D.bmV3ZGF0YWJhc2U%3D&vPath=cm9vdA%3D%3D.bmV3ZGF0YWJhc2U%3D&pos=0&searchClause=&searchClause2=&_nocache=1636528675301750342&token=603d273578354775777a5b533f53296b HTTP/1.1" 200 1583 "-" "Mozilla/5.0 (Windows NT 10.0; Win64; x64) AppleWebKit/537.36 (KHTML, like Gecko) Chrome/95.0.4638.69 Safari/537.36"
::1 - - [10/Nov/2021:09:17:55 +0200] "GET /phpmyadmin/themes/pmahomme/img/b_minus.png HTTP/1.1" 200 123 "http://localhost/phpmyadmin/themes/pmahomme/css/theme.css?v=5.1.1&nocache=2594244035ltr&server=1" "Mozilla/5.0 (Windows NT 10.0; Win64; x64) AppleWebKit/537.36 (KHTML, like Gecko) Chrome/95.0.4638.69 Safari/537.36"
::1 - - [10/Nov/2021:09:18:39 +0200] "GET /htdocs HTTP/1.1" 404 296 "-" "Mozilla/5.0 (Windows NT 10.0; Win64; x64) AppleWebKit/537.36 (KHTML, like Gecko) Chrome/95.0.4638.69 Safari/537.36"
::1 - - [10/Nov/2021:09:18:44 +0200] "GET /htdocs/wordpress HTTP/1.1" 404 296 "-" "Mozilla/5.0 (Windows NT 10.0; Win64; x64) AppleWebKit/537.36 (KHTML, like Gecko) Chrome/95.0.4638.69 Safari/537.36"
::1 - - [10/Nov/2021:09:18:47 +0200] "GET /phpmyadmin/index.php?route=/server/databases&lang=en HTTP/1.1" 200 15219 "http://localhost/applications.html" "Mozilla/5.0 (Windows NT 10.0; Win64; x64) AppleWebKit/537.36 (KHTML, like Gecko) Chrome/95.0.4638.69 Safari/537.36"
::1 - - [10/Nov/2021:09:18:47 +0200] "GET /phpmyadmin/themes/pmahomme/css/theme.css?v=5.1.1&nocache=1837933829ltr&server=1 HTTP/1.1" 200 214799 "-" "Mozilla/5.0 (Windows NT 10.0; Win64; x64) AppleWebKit/537.36 (KHTML, like Gecko) Chrome/95.0.4638.69 Safari/537.36"
::1 - - [10/Nov/2021:09:18:47 +0200] "GET /phpmyadmin/js/messages.php?l=en&v=5.1.1 HTTP/1.1" 200 7921 "-" "Mozilla/5.0 (Windows NT 10.0; Win64; x64) AppleWebKit/537.36 (KHTML, like Gecko) Chrome/95.0.4638.69 Safari/537.36"
::1 - - [10/Nov/2021:09:18:48 +0200] "POST /phpmyadmin/index.php?route=/config/get HTTP/1.1" 200 1564 "-" "Mozilla/5.0 (Windows NT 10.0; Win64; x64) AppleWebKit/537.36 (KHTML, like Gecko) Chrome/95.0.4638.69 Safari/537.36"
::1 - - [10/Nov/2021:09:18:48 +0200] "POST /phpmyadmin/index.php?route=/navigation&ajax_request=1 HTTP/1.1" 200 3123 "-" "Mozilla/5.0 (Windows NT 10.0; Win64; x64) AppleWebKit/537.36 (KHTML, like Gecko) Chrome/95.0.4638.69 Safari/537.36"
::1 - - [10/Nov/2021:09:18:48 +0200] "POST /phpmyadmin/index.php?route=/config/get HTTP/1.1" 200 1656 "-" "Mozilla/5.0 (Windows NT 10.0; Win64; x64) AppleWebKit/537.36 (KHTML, like Gecko) Chrome/95.0.4638.69 Safari/537.36"
::1 - - [10/Nov/2021:09:18:48 +0200] "POST /phpmyadmin/index.php?route=/config/set HTTP/1.1" 200 1556 "-" "Mozilla/5.0 (Windows NT 10.0; Win64; x64) AppleWebKit/537.36 (KHTML, like Gecko) Chrome/95.0.4638.69 Safari/537.36"
::1 - - [10/Nov/2021:09:18:54 +0200] "GET /phpmyadmin/index.php?route=/database/structure&db=newdatabase&ajax_request=true&ajax_page_request=true&_nocache=163652873425659326&token=603d273578354775777a5b533f53296b HTTP/1.1" 200 3001 "-" "Mozilla/5.0 (Windows NT 10.0; Win64; x64) AppleWebKit/537.36 (KHTML, like Gecko) Chrome/95.0.4638.69 Safari/537.36"
::1 - - [10/Nov/2021:09:19:47 +0200] "GET /htdocs HTTP/1.1" 404 296 "-" "Mozilla/5.0 (Windows NT 10.0; Win64; x64) AppleWebKit/537.36 (KHTML, like Gecko) Chrome/95.0.4638.69 Safari/537.36"
::1 - - [10/Nov/2021:09:19:54 +0200] "GET /htdocs/index.php HTTP/1.1" 404 296 "-" "Mozilla/5.0 (Windows NT 10.0; Win64; x64) AppleWebKit/537.36 (KHTML, like Gecko) Chrome/95.0.4638.69 Safari/537.36"
::1 - - [10/Nov/2021:09:20:49 +0200] "GET /yourfoldername HTTP/1.1" 404 296 "-" "Mozilla/5.0 (Windows NT 10.0; Win64; x64) AppleWebKit/537.36 (KHTML, like Gecko) Chrome/95.0.4638.69 Safari/537.36"
::1 - - [10/Nov/2021:09:21:05 +0200] "GET /htdocs HTTP/1.1" 404 296 "-" "Mozilla/5.0 (Windows NT 10.0; Win64; x64) AppleWebKit/537.36 (KHTML, like Gecko) Chrome/95.0.4638.69 Safari/537.36"
::1 - - [10/Nov/2021:09:21:15 +0200] "GET / HTTP/1.1" 302 - "-" "Mozilla/5.0 (Windows NT 10.0; Win64; x64) AppleWebKit/537.36 (KHTML, like Gecko) Chrome/95.0.4638.69 Safari/537.36"
::1 - - [10/Nov/2021:09:21:15 +0200] "GET /wp-admin/setup-config.php HTTP/1.1" 200 12834 "-" "Mozilla/5.0 (Windows NT 10.0; Win64; x64) AppleWebKit/537.36 (KHTML, like Gecko) Chrome/95.0.4638.69 Safari/537.36"
::1 - - [10/Nov/2021:09:21:15 +0200] "GET /wp-includes/css/dashicons.min.css?ver=5.8.1 HTTP/1.1" 200 59016 "http://localhost/wp-admin/setup-config.php" "Mozilla/5.0 (Windows NT 10.0; Win64; x64) AppleWebKit/537.36 (KHTML, like Gecko) Chrome/95.0.4638.69 Safari/537.36"
::1 - - [10/Nov/2021:09:21:15 +0200] "GET /wp-includes/css/buttons.min.css?ver=5.8.1 HTTP/1.1" 200 5854 "http://localhost/wp-admin/setup-config.php" "Mozilla/5.0 (Windows NT 10.0; Win64; x64) AppleWebKit/537.36 (KHTML, like Gecko) Chrome/95.0.4638.69 Safari/537.36"
::1 - - [10/Nov/2021:09:21:15 +0200] "GET /wp-admin/css/forms.min.css?ver=5.8.1 HTTP/1.1" 200 25361 "http://localhost/wp-admin/setup-config.php" "Mozilla/5.0 (Windows NT 10.0; Win64; x64) AppleWebKit/537.36 (KHTML, like Gecko) Chrome/95.0.4638.69 Safari/537.36"
::1 - - [10/Nov/2021:09:21:15 +0200] "GET /wp-admin/css/l10n.min.css?ver=5.8.1 HTTP/1.1" 200 2477 "http://localhost/wp-admin/setup-config.php" "Mozilla/5.0 (Windows NT 10.0; Win64; x64) AppleWebKit/537.36 (KHTML, like Gecko) Chrome/95.0.4638.69 Safari/537.36"
::1 - - [10/Nov/2021:09:21:15 +0200] "GET /wp-admin/css/install.min.css?ver=5.8.1 HTTP/1.1" 200 4963 "http://localhost/wp-admin/setup-config.php" "Mozilla/5.0 (Windows NT 10.0; Win64; x64) AppleWebKit/537.36 (KHTML, like Gecko) Chrome/95.0.4638.69 Safari/537.36"
::1 - - [10/Nov/2021:09:21:15 +0200] "GET /wp-includes/js/jquery/jquery.min.js?ver=3.6.0 HTTP/1.1" 200 89521 "http://localhost/wp-admin/setup-config.php" "Mozilla/5.0 (Windows NT 10.0; Win64; x64) AppleWebKit/537.36 (KHTML, like Gecko) Chrome/95.0.4638.69 Safari/537.36"
::1 - - [10/Nov/2021:09:21:15 +0200] "GET /wp-admin/js/language-chooser.min.js?ver=5.8.1 HTTP/1.1" 200 423 "http://localhost/wp-admin/setup-config.php" "Mozilla/5.0 (Windows NT 10.0; Win64; x64) AppleWebKit/537.36 (KHTML, like Gecko) Chrome/95.0.4638.69 Safari/537.36"
::1 - - [10/Nov/2021:09:21:15 +0200] "GET /wp-includes/js/jquery/jquery-migrate.min.js?ver=3.3.2 HTTP/1.1" 200 11224 "http://localhost/wp-admin/setup-config.php" "Mozilla/5.0 (Windows NT 10.0; Win64; x64) AppleWebKit/537.36 (KHTML, like Gecko) Chrome/95.0.4638.69 Safari/537.36"
::1 - - [10/Nov/2021:09:21:15 +0200] "GET /wp-admin/images/wordpress-logo.svg?ver=20131107 HTTP/1.1" 200 1521 "http://localhost/wp-admin/css/install.min.css?ver=5.8.1" "Mozilla/5.0 (Windows NT 10.0; Win64; x64) AppleWebKit/537.36 (KHTML, like Gecko) Chrome/95.0.4638.69 Safari/537.36"
::1 - - [10/Nov/2021:09:21:15 +0200] "GET /wp-admin/images/spinner.gif HTTP/1.1" 200 3656 "http://localhost/wp-admin/css/install.min.css?ver=5.8.1" "Mozilla/5.0 (Windows NT 10.0; Win64; x64) AppleWebKit/537.36 (KHTML, like Gecko) Chrome/95.0.4638.69 Safari/537.36"
::1 - - [10/Nov/2021:09:21:24 +0200] "POST /wp-admin/setup-config.php?step=0 HTTP/1.1" 200 2693 "http://localhost/wp-admin/setup-config.php" "Mozilla/5.0 (Windows NT 10.0; Win64; x64) AppleWebKit/537.36 (KHTML, like Gecko) Chrome/95.0.4638.69 Safari/537.36"
::1 - - [10/Nov/2021:09:21:27 +0200] "GET /wp-admin/setup-config.php?step=1 HTTP/1.1" 200 3328 "http://localhost/wp-admin/setup-config.php?step=0" "Mozilla/5.0 (Windows NT 10.0; Win64; x64) AppleWebKit/537.36 (KHTML, like Gecko) Chrome/95.0.4638.69 Safari/537.36"
::1 - - [10/Nov/2021:09:21:44 +0200] "POST /wp-admin/setup-config.php?step=2 HTTP/1.1" 500 3414 "http://localhost/wp-admin/setup-config.php?step=1" "Mozilla/5.0 (Windows NT 10.0; Win64; x64) AppleWebKit/537.36 (KHTML, like Gecko) Chrome/95.0.4638.69 Safari/537.36"
::1 - - [10/Nov/2021:09:21:59 +0200] "POST /wp-admin/setup-config.php?step=2 HTTP/1.1" 500 3414 "http://localhost/wp-admin/setup-config.php?step=1" "Mozilla/5.0 (Windows NT 10.0; Win64; x64) AppleWebKit/537.36 (KHTML, like Gecko) Chrome/95.0.4638.69 Safari/537.36"
::1 - - [10/Nov/2021:09:22:41 +0200] "POST /wp-admin/setup-config.php?step=2 HTTP/1.1" 500 3414 "http://localhost/wp-admin/setup-config.php?step=1" "Mozilla/5.0 (Windows NT 10.0; Win64; x64) AppleWebKit/537.36 (KHTML, like Gecko) Chrome/95.0.4638.69 Safari/537.36"
::1 - - [10/Nov/2021:09:22:55 +0200] "POST /wp-admin/setup-config.php?step=2 HTTP/1.1" 500 3414 "http://localhost/wp-admin/setup-config.php?step=1" "Mozilla/5.0 (Windows NT 10.0; Win64; x64) AppleWebKit/537.36 (KHTML, like Gecko) Chrome/95.0.4638.69 Safari/537.36"
::1 - - [10/Nov/2021:09:23:18 +0200] "POST /wp-admin/setup-config.php?step=2 HTTP/1.1" 500 3425 "http://localhost/wp-admin/setup-config.php?step=1" "Mozilla/5.0 (Windows NT 10.0; Win64; x64) AppleWebKit/537.36 (KHTML, like Gecko) Chrome/95.0.4638.69 Safari/537.36"
::1 - - [10/Nov/2021:09:23:37 +0200] "POST /wp-admin/setup-config.php?step=2 HTTP/1.1" 500 3425 "http://localhost/wp-admin/setup-config.php?step=1" "Mozilla/5.0 (Windows NT 10.0; Win64; x64) AppleWebKit/537.36 (KHTML, like Gecko) Chrome/95.0.4638.69 Safari/537.36"
::1 - - [10/Nov/2021:09:23:43 +0200] "POST /wp-admin/setup-config.php?step=2 HTTP/1.1" 500 3425 "http://localhost/wp-admin/setup-config.php?step=1" "Mozilla/5.0 (Windows NT 10.0; Win64; x64) AppleWebKit/537.36 (KHTML, like Gecko) Chrome/95.0.4638.69 Safari/537.36"
::1 - - [10/Nov/2021:09:24:21 +0200] "GET /phpmyadmin/ HTTP/1.1" 200 15829 "-" "Mozilla/5.0 (Windows NT 10.0; Win64; x64) AppleWebKit/537.36 (KHTML, like Gecko) Chrome/95.0.4638.69 Safari/537.36"
::1 - - [10/Nov/2021:09:24:21 +0200] "GET /phpmyadmin/themes/pmahomme/css/theme.css?v=5.1.1&nocache=2329075989ltr&server=1 HTTP/1.1" 200 214799 "-" "Mozilla/5.0 (Windows NT 10.0; Win64; x64) AppleWebKit/537.36 (KHTML, like Gecko) Chrome/95.0.4638.69 Safari/537.36"
::1 - - [10/Nov/2021:09:24:22 +0200] "POST /phpmyadmin/index.php?route=/config/get HTTP/1.1" 200 1564 "-" "Mozilla/5.0 (Windows NT 10.0; Win64; x64) AppleWebKit/537.36 (KHTML, like Gecko) Chrome/95.0.4638.69 Safari/537.36"
::1 - - [10/Nov/2021:09:24:22 +0200] "POST /phpmyadmin/index.php?route=/navigation&ajax_request=1 HTTP/1.1" 200 2307 "-" "Mozilla/5.0 (Windows NT 10.0; Win64; x64) AppleWebKit/537.36 (KHTML, like Gecko) Chrome/95.0.4638.69 Safari/537.36"
::1 - - [10/Nov/2021:09:24:22 +0200] "POST /phpmyadmin/index.php?route=/config/get HTTP/1.1" 200 1656 "-" "Mozilla/5.0 (Windows NT 10.0; Win64; x64) AppleWebKit/537.36 (KHTML, like Gecko) Chrome/95.0.4638.69 Safari/537.36"
::1 - - [10/Nov/2021:09:24:22 +0200] "POST /phpmyadmin/index.php?route=/version-check HTTP/1.1" 200 64 "-" "Mozilla/5.0 (Windows NT 10.0; Win64; x64) AppleWebKit/537.36 (KHTML, like Gecko) Chrome/95.0.4638.69 Safari/537.36"
::1 - - [10/Nov/2021:09:24:22 +0200] "POST /phpmyadmin/index.php?route=/database/structure/favorite-table&ajax_request=1&favorite_table=1&sync_favorite_tables=1 HTTP/1.1" 200 155 "-" "Mozilla/5.0 (Windows NT 10.0; Win64; x64) AppleWebKit/537.36 (KHTML, like Gecko) Chrome/95.0.4638.69 Safari/537.36"
::1 - - [10/Nov/2021:09:24:22 +0200] "POST /phpmyadmin/index.php?route=/config/set HTTP/1.1" 200 1556 "-" "Mozilla/5.0 (Windows NT 10.0; Win64; x64) AppleWebKit/537.36 (KHTML, like Gecko) Chrome/95.0.4638.69 Safari/537.36"
::1 - - [10/Nov/2021:09:24:25 +0200] "GET /phpmyadmin/index.php?route=/database/structure&server=1&db=newdatabase&ajax_request=true&ajax_page_request=true&_nocache=1636529065910843900&token=603d273578354775777a5b533f53296b HTTP/1.1" 200 3001 "-" "Mozilla/5.0 (Windows NT 10.0; Win64; x64) AppleWebKit/537.36 (KHTML, like Gecko) Chrome/95.0.4638.69 Safari/537.36"
::1 - - [10/Nov/2021:09:24:26 +0200] "GET /phpmyadmin/index.php?route=/navigation&ajax_request=1&server=1&aPath=cm9vdA%3D%3D.bmV3ZGF0YWJhc2U%3D&vPath=cm9vdA%3D%3D.bmV3ZGF0YWJhc2U%3D&pos=0&searchClause=&searchClause2=&_nocache=1636529066008374487&token=603d273578354775777a5b533f53296b HTTP/1.1" 200 1583 "-" "Mozilla/5.0 (Windows NT 10.0; Win64; x64) AppleWebKit/537.36 (KHTML, like Gecko) Chrome/95.0.4638.69 Safari/537.36"
::1 - - [10/Nov/2021:09:24:40 +0200] "GET /phpmyadmin/index.php?route=/database/sql&db=newdatabase&ajax_request=true&ajax_page_request=true&_nocache=163652908042024110&token=603d273578354775777a5b533f53296b HTTP/1.1" 200 4794 "-" "Mozilla/5.0 (Windows NT 10.0; Win64; x64) AppleWebKit/537.36 (KHTML, like Gecko) Chrome/95.0.4638.69 Safari/537.36"
::1 - - [10/Nov/2021:09:24:40 +0200] "GET /phpmyadmin/js/dist/makegrid.js?v=5.1.1 HTTP/1.1" 200 78860 "-" "Mozilla/5.0 (Windows NT 10.0; Win64; x64) AppleWebKit/537.36 (KHTML, like Gecko) Chrome/95.0.4638.69 Safari/537.36"
::1 - - [10/Nov/2021:09:24:40 +0200] "GET /phpmyadmin/js/vendor/stickyfill.min.js?v=5.1.1 HTTP/1.1" 200 6500 "-" "Mozilla/5.0 (Windows NT 10.0; Win64; x64) AppleWebKit/537.36 (KHTML, like Gecko) Chrome/95.0.4638.69 Safari/537.36"
::1 - - [10/Nov/2021:09:24:40 +0200] "GET /phpmyadmin/js/dist/sql.js?v=5.1.1 HTTP/1.1" 200 35495 "-" "Mozilla/5.0 (Windows NT 10.0; Win64; x64) AppleWebKit/537.36 (KHTML, like Gecko) Chrome/95.0.4638.69 Safari/537.36"
::1 - - [10/Nov/2021:09:24:40 +0200] "GET /phpmyadmin/js/vendor/jquery/jquery.uitablefilter.js?v=5.1.1 HTTP/1.1" 200 3139 "-" "Mozilla/5.0 (Windows NT 10.0; Win64; x64) AppleWebKit/537.36 (KHTML, like Gecko) Chrome/95.0.4638.69 Safari/537.36"
::1 - - [10/Nov/2021:09:24:40 +0200] "GET /phpmyadmin/index.php?route=/database/structure&db=newdatabase&ajax_request=true&ajax_page_request=true&_nocache=1636529080975105963&token=603d273578354775777a5b533f53296b HTTP/1.1" 200 3001 "-" "Mozilla/5.0 (Windows NT 10.0; Win64; x64) AppleWebKit/537.36 (KHTML, like Gecko) Chrome/95.0.4638.69 Safari/537.36"
::1 - - [10/Nov/2021:09:24:42 +0200] "GET /phpmyadmin/index.php?ajax_request=true&ajax_page_request=true&_nocache=1636529082945114497&token=603d273578354775777a5b533f53296b HTTP/1.1" 200 8241 "-" "Mozilla/5.0 (Windows NT 10.0; Win64; x64) AppleWebKit/537.36 (KHTML, like Gecko) Chrome/95.0.4638.69 Safari/537.36"
::1 - - [10/Nov/2021:09:24:43 +0200] "POST /phpmyadmin/index.php?route=/database/structure/favorite-table&ajax_request=1&favorite_table=1&sync_favorite_tables=1 HTTP/1.1" 200 155 "-" "Mozilla/5.0 (Windows NT 10.0; Win64; x64) AppleWebKit/537.36 (KHTML, like Gecko) Chrome/95.0.4638.69 Safari/537.36"
::1 - - [10/Nov/2021:09:24:43 +0200] "POST /phpmyadmin/index.php?route=/version-check HTTP/1.1" 200 64 "-" "Mozilla/5.0 (Windows NT 10.0; Win64; x64) AppleWebKit/537.36 (KHTML, like Gecko) Chrome/95.0.4638.69 Safari/537.36"
::1 - - [10/Nov/2021:09:24:47 +0200] "GET /phpmyadmin/index.php?route=/server/databases&ajax_request=true&ajax_page_request=true&_nocache=1636529087511857270&token=603d273578354775777a5b533f53296b HTTP/1.1" 200 7634 "-" "Mozilla/5.0 (Windows NT 10.0; Win64; x64) AppleWebKit/537.36 (KHTML, like Gecko) Chrome/95.0.4638.69 Safari/537.36"
::1 - - [10/Nov/2021:09:24:59 +0200] "POST /wp-admin/setup-config.php?step=2 HTTP/1.1" 500 3424 "http://localhost/wp-admin/setup-config.php?step=1" "Mozilla/5.0 (Windows NT 10.0; Win64; x64) AppleWebKit/537.36 (KHTML, like Gecko) Chrome/95.0.4638.69 Safari/537.36"
::1 - - [10/Nov/2021:09:25:03 +0200] "POST /wp-admin/setup-config.php?step=2 HTTP/1.1" 500 3424 "http://localhost/wp-admin/setup-config.php?step=1" "Mozilla/5.0 (Windows NT 10.0; Win64; x64) AppleWebKit/537.36 (KHTML, like Gecko) Chrome/95.0.4638.69 Safari/537.36"
::1 - - [10/Nov/2021:09:25:25 +0200] "POST /wp-admin/setup-config.php?step=2 HTTP/1.1" 500 3414 "http://localhost/wp-admin/setup-config.php?step=1" "Mozilla/5.0 (Windows NT 10.0; Win64; x64) AppleWebKit/537.36 (KHTML, like Gecko) Chrome/95.0.4638.69 Safari/537.36"
::1 - - [10/Nov/2021:09:25:51 +0200] "POST /wp-admin/setup-config.php?step=2 HTTP/1.1" 200 1783 "http://localhost/wp-admin/setup-config.php?step=1" "Mozilla/5.0 (Windows NT 10.0; Win64; x64) AppleWebKit/537.36 (KHTML, like Gecko) Chrome/95.0.4638.69 Safari/537.36"
::1 - - [10/Nov/2021:09:25:57 +0200] "GET /wp-admin/install.php?language=en_US HTTP/1.1" 200 7659 "http://localhost/wp-admin/setup-config.php?step=2" "Mozilla/5.0 (Windows NT 10.0; Win64; x64) AppleWebKit/537.36 (KHTML, like Gecko) Chrome/95.0.4638.69 Safari/537.36"
::1 - - [10/Nov/2021:09:25:58 +0200] "GET /wp-includes/js/zxcvbn-async.min.js?ver=1.0 HTTP/1.1" 200 351 "http://localhost/wp-admin/install.php?language=en_US" "Mozilla/5.0 (Windows NT 10.0; Win64; x64) AppleWebKit/537.36 (KHTML, like Gecko) Chrome/95.0.4638.69 Safari/537.36"
::1 - - [10/Nov/2021:09:25:58 +0200] "GET /wp-includes/js/dist/vendor/regenerator-runtime.min.js?ver=0.13.7 HTTP/1.1" 200 6406 "http://localhost/wp-admin/install.php?language=en_US" "Mozilla/5.0 (Windows NT 10.0; Win64; x64) AppleWebKit/537.36 (KHTML, like Gecko) Chrome/95.0.4638.69 Safari/537.36"
::1 - - [10/Nov/2021:09:25:58 +0200] "GET /wp-includes/js/dist/hooks.min.js?ver=a7edae857aab69d69fa10d5aef23a5de HTTP/1.1" 200 5440 "http://localhost/wp-admin/install.php?language=en_US" "Mozilla/5.0 (Windows NT 10.0; Win64; x64) AppleWebKit/537.36 (KHTML, like Gecko) Chrome/95.0.4638.69 Safari/537.36"
::1 - - [10/Nov/2021:09:25:58 +0200] "GET /wp-includes/js/dist/vendor/wp-polyfill.min.js?ver=3.15.0 HTTP/1.1" 200 16470 "http://localhost/wp-admin/install.php?language=en_US" "Mozilla/5.0 (Windows NT 10.0; Win64; x64) AppleWebKit/537.36 (KHTML, like Gecko) Chrome/95.0.4638.69 Safari/537.36"
::1 - - [10/Nov/2021:09:25:58 +0200] "GET /wp-admin/js/password-strength-meter.min.js?ver=5.8.1 HTTP/1.1" 200 1123 "http://localhost/wp-admin/install.php?language=en_US" "Mozilla/5.0 (Windows NT 10.0; Win64; x64) AppleWebKit/537.36 (KHTML, like Gecko) Chrome/95.0.4638.69 Safari/537.36"
::1 - - [10/Nov/2021:09:25:58 +0200] "GET /wp-includes/js/dist/i18n.min.js?ver=5f1269854226b4dd90450db411a12b79 HTTP/1.1" 200 9866 "http://localhost/wp-admin/install.php?language=en_US" "Mozilla/5.0 (Windows NT 10.0; Win64; x64) AppleWebKit/537.36 (KHTML, like Gecko) Chrome/95.0.4638.69 Safari/537.36"
::1 - - [10/Nov/2021:09:25:58 +0200] "GET /wp-includes/js/wp-util.min.js?ver=5.8.1 HTTP/1.1" 200 1340 "http://localhost/wp-admin/install.php?language=en_US" "Mozilla/5.0 (Windows NT 10.0; Win64; x64) AppleWebKit/537.36 (KHTML, like Gecko) Chrome/95.0.4638.69 Safari/537.36"
::1 - - [10/Nov/2021:09:25:58 +0200] "GET /wp-includes/js/underscore.min.js?ver=1.13.1 HTTP/1.1" 200 19076 "http://localhost/wp-admin/install.php?language=en_US" "Mozilla/5.0 (Windows NT 10.0; Win64; x64) AppleWebKit/537.36 (KHTML, like Gecko) Chrome/95.0.4638.69 Safari/537.36"
::1 - - [10/Nov/2021:09:25:58 +0200] "GET /wp-admin/js/user-profile.min.js?ver=5.8.1 HTTP/1.1" 200 6080 "http://localhost/wp-admin/install.php?language=en_US" "Mozilla/5.0 (Windows NT 10.0; Win64; x64) AppleWebKit/537.36 (KHTML, like Gecko) Chrome/95.0.4638.69 Safari/537.36"
::1 - - [10/Nov/2021:09:25:58 +0200] "GET /wp-includes/js/zxcvbn.min.js HTTP/1.1" 200 822237 "http://localhost/wp-admin/install.php?language=en_US" "Mozilla/5.0 (Windows NT 10.0; Win64; x64) AppleWebKit/537.36 (KHTML, like Gecko) Chrome/95.0.4638.69 Safari/537.36"
::1 - - [10/Nov/2021:09:27:52 +0200] "POST /wp-admin/install.php?step=2 HTTP/1.1" 200 7346 "http://localhost/wp-admin/install.php?language=en_US" "Mozilla/5.0 (Windows NT 10.0; Win64; x64) AppleWebKit/537.36 (KHTML, like Gecko) Chrome/95.0.4638.69 Safari/537.36"
::1 - - [10/Nov/2021:09:28:10 +0200] "GET / HTTP/1.1" 200 11010
::1 - - [10/Nov/2021:09:28:09 +0200] "GET /2021/11/10/hello-world/ HTTP/1.1" 200 15805 "http://localhost/2021/11/10/hello-world/" "WordPress/5.8.1; http://localhost"
::1 - - [10/Nov/2021:09:28:09 +0200] "POST /wp-admin/install.php?step=2 HTTP/1.1" 200 4746 "http://localhost/wp-admin/install.php?step=2" "Mozilla/5.0 (Windows NT 10.0; Win64; x64) AppleWebKit/537.36 (KHTML, like Gecko) Chrome/95.0.4638.69 Safari/537.36"
::1 - - [10/Nov/2021:09:28:09 +0200] "POST /wp-cron.php?doing_wp_cron=1636529289.9247050285339355468750 HTTP/1.1" 200 - "http://localhost/wp-cron.php?doing_wp_cron=1636529289.9247050285339355468750" "WordPress/5.8.1; http://localhost"
::1 - - [10/Nov/2021:09:28:16 +0200] "GET /wp-login.php HTTP/1.1" 200 5943 "http://localhost/wp-admin/install.php?step=2" "Mozilla/5.0 (Windows NT 10.0; Win64; x64) AppleWebKit/537.36 (KHTML, like Gecko) Chrome/95.0.4638.69 Safari/537.36"
::1 - - [10/Nov/2021:09:28:16 +0200] "GET /wp-admin/css/login.min.css?ver=5.8.1 HTTP/1.1" 200 5716 "http://localhost/wp-login.php" "Mozilla/5.0 (Windows NT 10.0; Win64; x64) AppleWebKit/537.36 (KHTML, like Gecko) Chrome/95.0.4638.69 Safari/537.36"
::1 - - [10/Nov/2021:09:28:23 +0200] "POST /wp-login.php HTTP/1.1" 302 - "http://localhost/wp-login.php" "Mozilla/5.0 (Windows NT 10.0; Win64; x64) AppleWebKit/537.36 (KHTML, like Gecko) Chrome/95.0.4638.69 Safari/537.36"
::1 - - [10/Nov/2021:09:28:24 +0200] "GET /wp-includes/js/thickbox/thickbox.css?ver=5.8.1 HTTP/1.1" 200 2659 "http://localhost/wp-admin/" "Mozilla/5.0 (Windows NT 10.0; Win64; x64) AppleWebKit/537.36 (KHTML, like Gecko) Chrome/95.0.4638.69 Safari/537.36"
::1 - - [10/Nov/2021:09:28:24 +0200] "GET /wp-admin/load-scripts.php?c=0&load%5Bchunk_0%5D=jquery-core,jquery-migrate,utils&ver=5.8.1 HTTP/1.1" 200 102612 "http://localhost/wp-admin/" "Mozilla/5.0 (Windows NT 10.0; Win64; x64) AppleWebKit/537.36 (KHTML, like Gecko) Chrome/95.0.4638.69 Safari/537.36"
::1 - - [10/Nov/2021:09:28:23 +0200] "GET /wp-admin/ HTTP/1.1" 200 67618 "http://localhost/wp-login.php" "Mozilla/5.0 (Windows NT 10.0; Win64; x64) AppleWebKit/537.36 (KHTML, like Gecko) Chrome/95.0.4638.69 Safari/537.36"
::1 - - [10/Nov/2021:09:28:24 +0200] "GET /wp-admin/load-styles.php?c=0&dir=ltr&load%5Bchunk_0%5D=dashicons,admin-bar,site-health,common,forms,admin-menu,dashboard,list-tables,edit,revisions,media,themes,about,nav-menus,wp-poi&load%5Bchunk_1%5D=nter,widgets,site-icon,l10n,buttons,wp-auth-check&ver=5.8.1 HTTP/1.1" 200 386721 "http://localhost/wp-admin/" "Mozilla/5.0 (Windows NT 10.0; Win64; x64) AppleWebKit/537.36 (KHTML, like Gecko) Chrome/95.0.4638.69 Safari/537.36"
::1 - - [10/Nov/2021:09:28:24 +0200] "GET /wp-includes/css/editor.min.css?ver=5.8.1 HTTP/1.1" 200 27188 "http://localhost/wp-admin/" "Mozilla/5.0 (Windows NT 10.0; Win64; x64) AppleWebKit/537.36 (KHTML, like Gecko) Chrome/95.0.4638.69 Safari/537.36"
::1 - - [10/Nov/2021:09:28:24 +0200] "GET /wp-admin/js/common.min.js?ver=5.8.1 HTTP/1.1" 200 20037 "http://localhost/wp-admin/" "Mozilla/5.0 (Windows NT 10.0; Win64; x64) AppleWebKit/537.36 (KHTML, like Gecko) Chrome/95.0.4638.69 Safari/537.36"
::1 - - [10/Nov/2021:09:28:24 +0200] "GET /wp-includes/js/admin-bar.min.js?ver=5.8.1 HTTP/1.1" 200 3556 "http://localhost/wp-admin/" "Mozilla/5.0 (Windows NT 10.0; Win64; x64) AppleWebKit/537.36 (KHTML, like Gecko) Chrome/95.0.4638.69 Safari/537.36"
::1 - - [10/Nov/2021:09:28:24 +0200] "GET /wp-includes/js/clipboard.min.js?ver=5.8.1 HTTP/1.1" 200 10607 "http://localhost/wp-admin/" "Mozilla/5.0 (Windows NT 10.0; Win64; x64) AppleWebKit/537.36 (KHTML, like Gecko) Chrome/95.0.4638.69 Safari/537.36"
::1 - - [10/Nov/2021:09:28:24 +0200] "GET /wp-includes/js/hoverintent-js.min.js?ver=2.2.1 HTTP/1.1" 200 1718 "http://localhost/wp-admin/" "Mozilla/5.0 (Windows NT 10.0; Win64; x64) AppleWebKit/537.36 (KHTML, like Gecko) Chrome/95.0.4638.69 Safari/537.36"
::1 - - [10/Nov/2021:09:28:24 +0200] "GET /wp-includes/js/dist/dom-ready.min.js?ver=71883072590656bf22c74c7b887df3dd HTTP/1.1" 200 1257 "http://localhost/wp-admin/" "Mozilla/5.0 (Windows NT 10.0; Win64; x64) AppleWebKit/537.36 (KHTML, like Gecko) Chrome/95.0.4638.69 Safari/537.36"
::1 - - [10/Nov/2021:09:28:24 +0200] "GET /wp-includes/js/dist/a11y.min.js?ver=0ac8327cc1c40dcfdf29716affd7ac63 HTTP/1.1" 200 3009 "http://localhost/wp-admin/" "Mozilla/5.0 (Windows NT 10.0; Win64; x64) AppleWebKit/537.36 (KHTML, like Gecko) Chrome/95.0.4638.69 Safari/537.36"
::1 - - [10/Nov/2021:09:28:24 +0200] "GET /wp-includes/js/api-request.min.js?ver=5.8.1 HTTP/1.1" 200 1025 "http://localhost/wp-admin/" "Mozilla/5.0 (Windows NT 10.0; Win64; x64) AppleWebKit/537.36 (KHTML, like Gecko) Chrome/95.0.4638.69 Safari/537.36"
::1 - - [10/Nov/2021:09:28:24 +0200] "GET /wp-admin/js/site-health.min.js?ver=5.8.1 HTTP/1.1" 200 6142 "http://localhost/wp-admin/" "Mozilla/5.0 (Windows NT 10.0; Win64; x64) AppleWebKit/537.36 (KHTML, like Gecko) Chrome/95.0.4638.69 Safari/537.36"
::1 - - [10/Nov/2021:09:28:24 +0200] "GET /wp-includes/js/dist/url.min.js?ver=d4bdf85a96aa587b52f4b8d58b4457c1 HTTP/1.1" 200 5002 "http://localhost/wp-admin/" "Mozilla/5.0 (Windows NT 10.0; Win64; x64) AppleWebKit/537.36 (KHTML, like Gecko) Chrome/95.0.4638.69 Safari/537.36"
::1 - - [10/Nov/2021:09:28:24 +0200] "GET /wp-admin/load-scripts.php?c=0&load%5Bchunk_0%5D=hoverIntent,regenerator-runtime,wp-polyfill,wp-hooks&ver=5.8.1 HTTP/1.1" 200 29800 "http://localhost/wp-admin/" "Mozilla/5.0 (Windows NT 10.0; Win64; x64) AppleWebKit/537.36 (KHTML, like Gecko) Chrome/95.0.4638.69 Safari/537.36"
::1 - - [10/Nov/2021:09:28:24 +0200] "GET /wp-includes/js/dist/vendor/lodash.min.js?ver=4.17.19 HTTP/1.1" 200 73015 "http://localhost/wp-admin/" "Mozilla/5.0 (Windows NT 10.0; Win64; x64) AppleWebKit/537.36 (KHTML, like Gecko) Chrome/95.0.4638.69 Safari/537.36"
::1 - - [10/Nov/2021:09:28:24 +0200] "GET /wp-includes/js/wp-ajax-response.min.js?ver=5.8.1 HTTP/1.1" 200 2082 "http://localhost/wp-admin/" "Mozilla/5.0 (Windows NT 10.0; Win64; x64) AppleWebKit/537.36 (KHTML, like Gecko) Chrome/95.0.4638.69 Safari/537.36"
::1 - - [10/Nov/2021:09:28:24 +0200] "GET /wp-includes/js/jquery/jquery.color.min.js?ver=2.1.2 HTTP/1.1" 200 9315 "http://localhost/wp-admin/" "Mozilla/5.0 (Windows NT 10.0; Win64; x64) AppleWebKit/537.36 (KHTML, like Gecko) Chrome/95.0.4638.69 Safari/537.36"
::1 - - [10/Nov/2021:09:28:24 +0200] "GET /wp-includes/js/quicktags.min.js?ver=5.8.1 HTTP/1.1" 200 11133 "http://localhost/wp-admin/" "Mozilla/5.0 (Windows NT 10.0; Win64; x64) AppleWebKit/537.36 (KHTML, like Gecko) Chrome/95.0.4638.69 Safari/537.36"
::1 - - [10/Nov/2021:09:28:24 +0200] "GET /wp-includes/js/wp-lists.min.js?ver=5.8.1 HTTP/1.1" 200 7442 "http://localhost/wp-admin/" "Mozilla/5.0 (Windows NT 10.0; Win64; x64) AppleWebKit/537.36 (KHTML, like Gecko) Chrome/95.0.4638.69 Safari/537.36"
::1 - - [10/Nov/2021:09:28:24 +0200] "GET /wp-includes/js/jquery/jquery.query.js?ver=2.1.7 HTTP/1.1" 200 3785 "http://localhost/wp-admin/" "Mozilla/5.0 (Windows NT 10.0; Win64; x64) AppleWebKit/537.36 (KHTML, like Gecko) Chrome/95.0.4638.69 Safari/537.36"
::1 - - [10/Nov/2021:09:28:24 +0200] "GET /wp-admin/js/edit-comments.min.js?ver=5.8.1 HTTP/1.1" 200 15268 "http://localhost/wp-admin/" "Mozilla/5.0 (Windows NT 10.0; Win64; x64) AppleWebKit/537.36 (KHTML, like Gecko) Chrome/95.0.4638.69 Safari/537.36"
::1 - - [10/Nov/2021:09:28:24 +0200] "GET /wp-includes/js/jquery/ui/core.min.js?ver=1.12.1 HTTP/1.1" 200 20787 "http://localhost/wp-admin/" "Mozilla/5.0 (Windows NT 10.0; Win64; x64) AppleWebKit/537.36 (KHTML, like Gecko) Chrome/95.0.4638.69 Safari/537.36"
::1 - - [10/Nov/2021:09:28:24 +0200] "GET /wp-includes/js/jquery/ui/mouse.min.js?ver=1.12.1 HTTP/1.1" 200 3380 "http://localhost/wp-admin/" "Mozilla/5.0 (Windows NT 10.0; Win64; x64) AppleWebKit/537.36 (KHTML, like Gecko) Chrome/95.0.4638.69 Safari/537.36"
::1 - - [10/Nov/2021:09:28:24 +0200] "GET /wp-includes/js/jquery/ui/sortable.min.js?ver=1.12.1 HTTP/1.1" 200 24782 "http://localhost/wp-admin/" "Mozilla/5.0 (Windows NT 10.0; Win64; x64) AppleWebKit/537.36 (KHTML, like Gecko) Chrome/95.0.4638.69 Safari/537.36"
::1 - - [10/Nov/2021:09:28:24 +0200] "GET /wp-admin/js/postbox.min.js?ver=5.8.1 HTTP/1.1" 200 6713 "http://localhost/wp-admin/" "Mozilla/5.0 (Windows NT 10.0; Win64; x64) AppleWebKit/537.36 (KHTML, like Gecko) Chrome/95.0.4638.69 Safari/537.36"
::1 - - [10/Nov/2021:09:28:24 +0200] "GET /wp-includes/js/dist/vendor/moment.min.js?ver=2.29.1 HTTP/1.1" 200 58325 "http://localhost/wp-admin/" "Mozilla/5.0 (Windows NT 10.0; Win64; x64) AppleWebKit/537.36 (KHTML, like Gecko) Chrome/95.0.4638.69 Safari/537.36"
::1 - - [10/Nov/2021:09:28:24 +0200] "GET /wp-includes/js/dist/date.min.js?ver=061439ac4325ef057b8f9c142c82a823 HTTP/1.1" 200 203411 "http://localhost/wp-admin/" "Mozilla/5.0 (Windows NT 10.0; Win64; x64) AppleWebKit/537.36 (KHTML, like Gecko) Chrome/95.0.4638.69 Safari/537.36"
::1 - - [10/Nov/2021:09:28:24 +0200] "GET /wp-admin/js/dashboard.min.js?ver=5.8.1 HTTP/1.1" 200 8797 "http://localhost/wp-admin/" "Mozilla/5.0 (Windows NT 10.0; Win64; x64) AppleWebKit/537.36 (KHTML, like Gecko) Chrome/95.0.4638.69 Safari/537.36"
::1 - - [10/Nov/2021:09:28:24 +0200] "GET /wp-includes/js/thickbox/thickbox.js?ver=3.1-20121105 HTTP/1.1" 200 13194 "http://localhost/wp-admin/" "Mozilla/5.0 (Windows NT 10.0; Win64; x64) AppleWebKit/537.36 (KHTML, like Gecko) Chrome/95.0.4638.69 Safari/537.36"
::1 - - [10/Nov/2021:09:28:24 +0200] "GET /wp-admin/js/plugin-install.min.js?ver=5.8.1 HTTP/1.1" 200 2403 "http://localhost/wp-admin/" "Mozilla/5.0 (Windows NT 10.0; Win64; x64) AppleWebKit/537.36 (KHTML, like Gecko) Chrome/95.0.4638.69 Safari/537.36"
::1 - - [10/Nov/2021:09:28:24 +0200] "GET /wp-includes/js/wp-sanitize.min.js?ver=5.8.1 HTTP/1.1" 200 458 "http://localhost/wp-admin/" "Mozilla/5.0 (Windows NT 10.0; Win64; x64) AppleWebKit/537.36 (KHTML, like Gecko) Chrome/95.0.4638.69 Safari/537.36"
::1 - - [10/Nov/2021:09:28:24 +0200] "GET /wp-admin/js/updates.min.js?ver=5.8.1 HTTP/1.1" 200 41065 "http://localhost/wp-admin/" "Mozilla/5.0 (Windows NT 10.0; Win64; x64) AppleWebKit/537.36 (KHTML, like Gecko) Chrome/95.0.4638.69 Safari/537.36"
::1 - - [10/Nov/2021:09:28:24 +0200] "GET /wp-includes/js/shortcode.min.js?ver=5.8.1 HTTP/1.1" 200 2650 "http://localhost/wp-admin/" "Mozilla/5.0 (Windows NT 10.0; Win64; x64) AppleWebKit/537.36 (KHTML, like Gecko) Chrome/95.0.4638.69 Safari/537.36"
::1 - - [10/Nov/2021:09:28:24 +0200] "GET /wp-admin/js/media-upload.min.js?ver=5.8.1 HTTP/1.1" 200 1152 "http://localhost/wp-admin/" "Mozilla/5.0 (Windows NT 10.0; Win64; x64) AppleWebKit/537.36 (KHTML, like Gecko) Chrome/95.0.4638.69 Safari/537.36"
::1 - - [10/Nov/2021:09:28:24 +0200] "GET /wp-admin/js/svg-painter.js?ver=5.8.1 HTTP/1.1" 200 5522 "http://localhost/wp-admin/" "Mozilla/5.0 (Windows NT 10.0; Win64; x64) AppleWebKit/537.36 (KHTML, like Gecko) Chrome/95.0.4638.69 Safari/537.36"
::1 - - [10/Nov/2021:09:28:24 +0200] "GET /wp-includes/js/heartbeat.min.js?ver=5.8.1 HTTP/1.1" 200 5877 "http://localhost/wp-admin/" "Mozilla/5.0 (Windows NT 10.0; Win64; x64) AppleWebKit/537.36 (KHTML, like Gecko) Chrome/95.0.4638.69 Safari/537.36"
::1 - - [10/Nov/2021:09:28:24 +0200] "GET /wp-includes/js/wp-auth-check.min.js?ver=5.8.1 HTTP/1.1" 200 1658 "http://localhost/wp-admin/" "Mozilla/5.0 (Windows NT 10.0; Win64; x64) AppleWebKit/537.36 (KHTML, like Gecko) Chrome/95.0.4638.69 Safari/537.36"
::1 - - [10/Nov/2021:09:28:24 +0200] "GET /wp-includes/js/wplink.min.js?ver=5.8.1 HTTP/1.1" 200 11270 "http://localhost/wp-admin/" "Mozilla/5.0 (Windows NT 10.0; Win64; x64) AppleWebKit/537.36 (KHTML, like Gecko) Chrome/95.0.4638.69 Safari/537.36"
::1 - - [10/Nov/2021:09:28:24 +0200] "GET /wp-includes/js/jquery/ui/menu.min.js?ver=1.12.1 HTTP/1.1" 200 9531 "http://localhost/wp-admin/" "Mozilla/5.0 (Windows NT 10.0; Win64; x64) AppleWebKit/537.36 (KHTML, like Gecko) Chrome/95.0.4638.69 Safari/537.36"
::1 - - [10/Nov/2021:09:28:24 +0200] "GET /wp-includes/js/jquery/ui/autocomplete.min.js?ver=1.12.1 HTTP/1.1" 200 8539 "http://localhost/wp-admin/" "Mozilla/5.0 (Windows NT 10.0; Win64; x64) AppleWebKit/537.36 (KHTML, like Gecko) Chrome/95.0.4638.69 Safari/537.36"
::1 - - [10/Nov/2021:09:28:24 +0200] "GET /wp-includes/js/wp-emoji-release.min.js?ver=5.8.1 HTTP/1.1" 200 18181 "http://localhost/wp-admin/" "Mozilla/5.0 (Windows NT 10.0; Win64; x64) AppleWebKit/537.36 (KHTML, like Gecko) Chrome/95.0.4638.69 Safari/537.36"
::1 - - [10/Nov/2021:09:28:24 +0200] "GET /wp-includes/js/thickbox/loadingAnimation.gif HTTP/1.1" 200 15238 "http://localhost/wp-admin/" "Mozilla/5.0 (Windows NT 10.0; Win64; x64) AppleWebKit/537.36 (KHTML, like Gecko) Chrome/95.0.4638.69 Safari/537.36"
::1 - - [10/Nov/2021:09:28:24 +0200] "POST /wp-cron.php?doing_wp_cron=1636529304.7622170448303222656250 HTTP/1.1" 200 - "http://localhost/wp-cron.php?doing_wp_cron=1636529304.7622170448303222656250" "WordPress/5.8.1; http://localhost"
::1 - - [10/Nov/2021:09:28:24 +0200] "GET /wp-admin/admin-ajax.php?action=wp-compression-test&test=1&_ajax_nonce=4284cbed0f&1636529304630 HTTP/1.1" 200 1114 "http://localhost/wp-admin/" "Mozilla/5.0 (Windows NT 10.0; Win64; x64) AppleWebKit/537.36 (KHTML, like Gecko) Chrome/95.0.4638.69 Safari/537.36"
::1 - - [10/Nov/2021:09:28:24 +0200] "GET /wp-admin/admin-ajax.php?action=wp-compression-test&test=2&_ajax_nonce=4284cbed0f&1636529304947 HTTP/1.1" 200 572 "http://localhost/wp-admin/" "Mozilla/5.0 (Windows NT 10.0; Win64; x64) AppleWebKit/537.36 (KHTML, like Gecko) Chrome/95.0.4638.69 Safari/537.36"
::1 - - [10/Nov/2021:09:28:25 +0200] "GET /wp-admin/admin-ajax.php?action=wp-compression-test&test=yes&_ajax_nonce=4284cbed0f&1636529305093 HTTP/1.1" 200 1 "http://localhost/wp-admin/" "Mozilla/5.0 (Windows NT 10.0; Win64; x64) AppleWebKit/537.36 (KHTML, like Gecko) Chrome/95.0.4638.69 Safari/537.36"
::1 - - [10/Nov/2021:09:28:24 +0200] "POST /wp-admin/admin-ajax.php HTTP/1.1" 200 92 "http://localhost/wp-admin/" "Mozilla/5.0 (Windows NT 10.0; Win64; x64) AppleWebKit/537.36 (KHTML, like Gecko) Chrome/95.0.4638.69 Safari/537.36"
::1 - - [10/Nov/2021:09:28:24 +0200] "GET /wp-admin/admin-ajax.php?action=dashboard-widgets&widget=dashboard_primary&pagenow=dashboard HTTP/1.1" 200 1299 "http://localhost/wp-admin/" "Mozilla/5.0 (Windows NT 10.0; Win64; x64) AppleWebKit/537.36 (KHTML, like Gecko) Chrome/95.0.4638.69 Safari/537.36"
::1 - - [10/Nov/2021:09:29:24 +0200] "POST /wp-cron.php?doing_wp_cron=1636529364.8145639896392822265625 HTTP/1.1" 200 - "http://localhost/wp-cron.php?doing_wp_cron=1636529364.8145639896392822265625" "WordPress/5.8.1; http://localhost"
::1 - - [10/Nov/2021:09:29:24 +0200] "POST /wp-admin/admin-ajax.php HTTP/1.1" 200 47 "http://localhost/wp-admin/" "Mozilla/5.0 (Windows NT 10.0; Win64; x64) AppleWebKit/537.36 (KHTML, like Gecko) Chrome/95.0.4638.69 Safari/537.36"
::1 - - [10/Nov/2021:09:30:24 +0200] "POST /wp-admin/admin-ajax.php HTTP/1.1" 200 47 "http://localhost/wp-admin/" "Mozilla/5.0 (Windows NT 10.0; Win64; x64) AppleWebKit/537.36 (KHTML, like Gecko) Chrome/95.0.4638.69 Safari/537.36"
::1 - - [10/Nov/2021:09:31:24 +0200] "POST /wp-admin/admin-ajax.php HTTP/1.1" 200 47 "http://localhost/wp-admin/" "Mozilla/5.0 (Windows NT 10.0; Win64; x64) AppleWebKit/537.36 (KHTML, like Gecko) Chrome/95.0.4638.69 Safari/537.36"
::1 - - [10/Nov/2021:09:32:25 +0200] "POST /wp-admin/admin-ajax.php HTTP/1.1" 200 47 "http://localhost/wp-admin/" "Mozilla/5.0 (Windows NT 10.0; Win64; x64) AppleWebKit/537.36 (KHTML, like Gecko) Chrome/95.0.4638.69 Safari/537.36"
::1 - - [10/Nov/2021:09:34:26 +0200] "POST /wp-admin/admin-ajax.php HTTP/1.1" 200 47 "http://localhost/wp-admin/" "Mozilla/5.0 (Windows NT 10.0; Win64; x64) AppleWebKit/537.36 (KHTML, like Gecko) Chrome/95.0.4638.69 Safari/537.36"
